#
# There is insufficient memory for the Java Runtime Environment to continue.
# Native memory allocation (malloc) failed to allocate 149168128 bytes for committing reserved memory.
# Possible reasons:
#   The system is out of physical RAM or swap space
#   In 32 bit mode, the process size limit was hit
# Possible solutions:
#   Reduce memory load on the system
#   Increase physical memory or swap space
#   Check if swap backing store is full
#   Use 64 bit Java on a 64 bit OS
#   Decrease Java heap size (-Xmx/-Xms)
#   Decrease number of Java threads
#   Decrease Java thread stack sizes (-Xss)
#   Set larger code cache with -XX:ReservedCodeCacheSize=
# This output file may be truncated or incomplete.
#
#  Out of Memory Error (os_linux.cpp:2798), pid=16000, tid=139707640637184
#
# JRE version: OpenJDK Runtime Environment (7.0_65-b32) (build 1.7.0_65-b32)
# Java VM: OpenJDK 64-Bit Server VM (24.65-b04 mixed mode linux-amd64 compressed oops)
# Derivative: IcedTea 2.5.2
# Distribution: Ubuntu 14.04 LTS, package 7u65-2.5.2-3~14.04
# Failed to write core dump. Core dumps have been disabled. To enable core dumping, try "ulimit -c unlimited" before starting Java again
#

---------------  T H R E A D  ---------------

Current thread (0x00007f103c092800):  VMThread [stack: 0x00007f10383ae000,0x00007f10384af000] [id=16004]

Stack: [0x00007f10383ae000,0x00007f10384af000],  sp=0x00007f10384ad590,  free space=1021k
Native frames: (J=compiled Java code, j=interpreted, Vv=VM code, C=native code)
V  [libjvm.so+0x9486a5]  VMError::report_and_die()+0x175
V  [libjvm.so+0x48b904]  report_vm_out_of_memory(char const*, int, unsigned long, char const*)+0x74
V  [libjvm.so+0x7c76ab]  os::pd_commit_memory(char*, unsigned long, unsigned long, bool)+0xeb
V  [libjvm.so+0x7c216f]  os::commit_memory(char*, unsigned long, unsigned long, bool)+0x1f
V  [libjvm.so+0x945594]  VirtualSpace::expand_by(unsigned long, bool)+0x1c4
V  [libjvm.so+0x5617ee]  OneContigSpaceCardGeneration::grow_by(unsigned long)+0x1e
V  [libjvm.so+0x561b36]  OneContigSpaceCardGeneration::expand(unsigned long, unsigned long)+0x96
V  [libjvm.so+0x5532c0]  GenCollectedHeap::do_collection(bool, bool, unsigned long, bool, int)+0x7a0
V  [libjvm.so+0x4254e2]  GenCollectorPolicy::satisfy_failed_allocation(unsigned long, bool)+0xb2
V  [libjvm.so+0x9499a1]  VM_GenCollectForAllocation::doit()+0x81
V  [libjvm.so+0x94e597]  VM_Operation::evaluate()+0x47
V  [libjvm.so+0x94cf08]  VMThread::evaluate_operation(VM_Operation*)+0x318
V  [libjvm.so+0x94d369]  VMThread::loop()+0x219
V  [libjvm.so+0x94d7b2]  VMThread::run()+0x72
V  [libjvm.so+0x7c4572]  java_start(Thread*)+0xf2

VM_Operation (0x00007f1029b307c0): GenCollectForAllocation, mode: safepoint, requested by thread 0x00007f101c1d4000


---------------  P R O C E S S  ---------------

Java Threads: ( => current thread )
  0x000000000105f800 JavaThread "Netty IO #3" daemon [_thread_blocked, id=16034, stack(0x00007f101bb7f000,0x00007f101bc80000)]
  0x00007f101ebf4000 JavaThread "Craft Scheduler Thread - 3" [_thread_blocked, id=16033, stack(0x00007f101b87c000,0x00007f101b97d000)]
  0x00007f101c2ec000 JavaThread "Craft Scheduler Thread - 2" [_thread_blocked, id=16032, stack(0x00007f101b97d000,0x00007f101ba7e000)]
  0x00007f101c2eb800 JavaThread "Craft Scheduler Thread - 1" [_thread_blocked, id=16031, stack(0x00007f101ba7e000,0x00007f101bb7f000)]
  0x00007f101d8cc000 JavaThread "Craft Scheduler Thread - 0" [_thread_blocked, id=16030, stack(0x00007f10292f1000,0x00007f10293f2000)]
  0x00007f101d354800 JavaThread "pool-5-thread-1" [_thread_blocked, id=16027, stack(0x00007f101bc80000,0x00007f101bd81000)]
  0x000000000105b000 JavaThread "Netty IO #2" daemon [_thread_blocked, id=16025, stack(0x00007f10293f2000,0x00007f10294f3000)]
  0x000000000105d800 JavaThread "Netty IO #1" daemon [_thread_blocked, id=16024, stack(0x00007f10294f3000,0x00007f10295f4000)]
  0x00007f101c573000 JavaThread "Netty IO #0" daemon [_thread_blocked, id=16023, stack(0x00007f10295f4000,0x00007f10296f5000)]
  0x00007f101c4a1800 JavaThread "process reaper" daemon [_thread_blocked, id=16021, stack(0x00007f10296f5000,0x00007f102972e000)]
  0x00007f101c3f7000 JavaThread "Spigot Metrics Thread" daemon [_thread_in_native, id=16019, stack(0x00007f102972e000,0x00007f102982f000)]
  0x00007f101c48f000 JavaThread "Spigot Watchdog Thread" [_thread_blocked, id=16018, stack(0x00007f102982f000,0x00007f1029930000)]
  0x00007f101c1d5800 JavaThread "Thread-5" [_thread_blocked, id=16016, stack(0x00007f1029930000,0x00007f1029a31000)]
  0x00007f101c1d4000 JavaThread "Server console handler" daemon [_thread_blocked, id=16015, stack(0x00007f1029a31000,0x00007f1029b32000)]
  0x00007f103c00a000 JavaThread "DestroyJavaVM" [_thread_blocked, id=16003, stack(0x00007f10430d2000,0x00007f10431d3000)]
  0x00007f103c4dc000 JavaThread "Server thread" [_thread_blocked, id=16014, stack(0x00007f1029b32000,0x00007f1029c33000)]
  0x00007f103c4db000 JavaThread "Server Infinisleeper" daemon [_thread_blocked, id=16013, stack(0x00007f1029c33000,0x00007f1029d34000)]
  0x00007f103c471800 JavaThread "Snooper Timer" daemon [_thread_blocked, id=16012, stack(0x00007f1029d34000,0x00007f1029e35000)]
  0x00007f103c0c2800 JavaThread "Service Thread" daemon [_thread_blocked, id=16010, stack(0x00007f102bbfc000,0x00007f102bcfd000)]
  0x00007f103c0c0000 JavaThread "C2 CompilerThread1" daemon [_thread_blocked, id=16009, stack(0x00007f102bcfd000,0x00007f102bdfe000)]
  0x00007f103c0bd800 JavaThread "C2 CompilerThread0" daemon [_thread_blocked, id=16008, stack(0x00007f102bdfe000,0x00007f102beff000)]
  0x00007f103c0bb800 JavaThread "Signal Dispatcher" daemon [_thread_blocked, id=16007, stack(0x00007f102beff000,0x00007f102c000000)]
  0x00007f103c099000 JavaThread "Finalizer" daemon [_thread_blocked, id=16006, stack(0x00007f10381ac000,0x00007f10382ad000)]
  0x00007f103c097000 JavaThread "Reference Handler" daemon [_thread_blocked, id=16005, stack(0x00007f10382ad000,0x00007f10383ae000)]

Other Threads:
=>0x00007f103c092800 VMThread [stack: 0x00007f10383ae000,0x00007f10384af000] [id=16004]
  0x00007f103c0cd800 WatcherThread [stack: 0x00007f102bafb000,0x00007f102bbfc000] [id=16011]

VM state:at safepoint (normal execution)

VM Mutex/Monitor currently owned by a thread:  ([mutex/lock_event])
[0x00007f103c0062d0] Threads_lock - owner thread: 0x00007f103c092800
[0x00007f103c0067d0] Heap_lock - owner thread: 0x00007f101c1d4000

Heap
 def new generation   total 365120K, used 0K [0x0000000098000000, 0x00000000b0c20000, 0x00000000b8000000)
  eden space 324608K,   0% used [0x0000000098000000, 0x0000000098000000, 0x00000000abd00000)
  from space 40512K,   0% used [0x00000000abd00000, 0x00000000abd00000, 0x00000000ae490000)
  to   space 40512K,   0% used [0x00000000ae490000, 0x00000000ae490000, 0x00000000b0c20000)
 tenured generation   total 902904K, used 851341K [0x00000000b8000000, 0x00000000ef1be000, 0x00000000f8000000)
   the space 902904K,  94% used [0x00000000b8000000, 0x00000000ebf63610, 0x00000000ebf63800, 0x00000000ef1be000)
 compacting perm gen  total 33408K, used 33153K [0x00000000f8000000, 0x00000000fa0a0000, 0x0000000100000000)
   the space 33408K,  99% used [0x00000000f8000000, 0x00000000fa060750, 0x00000000fa060800, 0x00000000fa0a0000)
No shared spaces configured.

Card table byte_map: [0x00007f10388aa000,0x00007f1038beb000] byte_map_base: 0x00007f10383ea000

Polling page: 0x00007f10431e0000

Code Cache  [0x00007f1038beb000, 0x00007f1038e5b000, 0x00007f103bbeb000)
 total_blobs=1249 nmethods=724 adapters=479 free_code_cache=47048Kb largest_free_block=48133120

Compilation events (10 events):
Event: 66.365 Thread 0x00007f103c0c0000  817  s          java.lang.StringBuffer::toString (17 bytes)
Event: 66.375 Thread 0x00007f103c0c0000 nmethod 817 0x00007f1038dfc250 code [0x00007f1038dfc3c0, 0x00007f1038dfc958]
Event: 66.638 Thread 0x00007f103c0bd800  818             java.nio.charset.CharsetDecoder::maxCharsPerByte (5 bytes)
Event: 66.638 Thread 0x00007f103c0bd800 nmethod 818 0x00007f1038dfc050 code [0x00007f1038dfc180, 0x00007f1038dfc1d8]
Event: 67.681 Thread 0x00007f103c0bd800  819             java.util.concurrent.locks.ReentrantLock$Sync::nonfairTryAcquire (67 bytes)
Event: 67.682 Thread 0x00007f103c0bd800 nmethod 819 0x00007f1038d73110 code [0x00007f1038d73240, 0x00007f1038d732f8]
Event: 68.645 Thread 0x00007f103c0bd800  820             java.lang.StringCoding::scale (7 bytes)
Event: 68.645 Thread 0x00007f103c0bd800 nmethod 820 0x00007f1038d72e90 code [0x00007f1038d72fc0, 0x00007f1038d73038]
Event: 69.537 Thread 0x00007f103c0bd800  821             org.apache.logging.log4j.core.pattern.LiteralPatternConverter::format (37 bytes)
Event: 69.554 Thread 0x00007f103c0bd800 nmethod 821 0x00007f1038e01610 code [0x00007f1038e01780, 0x00007f1038e01bc8]

GC Heap History (10 events):
Event: 40.383 GC heap after
Heap after GC invocations=10 (full 2):
 def new generation   total 272576K, used 30271K [0x0000000098000000, 0x00000000aa7c0000, 0x00000000b8000000)
  eden space 242304K,   0% used [0x0000000098000000, 0x0000000098000000, 0x00000000a6ca0000)
  from space 30272K,  99% used [0x00000000a8a30000, 0x00000000aa7bfff8, 0x00000000aa7c0000)
  to   space 30272K,   0% used [0x00000000a6ca0000, 0x00000000a6ca0000, 0x00000000a8a30000)
 tenured generation   total 605576K, used 417962K [0x00000000b8000000, 0x00000000dcf62000, 0x00000000f8000000)
   the space 605576K,  69% used [0x00000000b8000000, 0x00000000d182a9b0, 0x00000000d182aa00, 0x00000000dcf62000)
 compacting perm gen  total 32128K, used 31991K [0x00000000f8000000, 0x00000000f9f60000, 0x0000000100000000)
   the space 32128K,  99% used [0x00000000f8000000, 0x00000000f9f3df78, 0x00000000f9f3e000, 0x00000000f9f60000)
No shared spaces configured.
}
Event: 42.448 GC heap before
{Heap before GC invocations=10 (full 2):
 def new generation   total 272576K, used 178131K [0x0000000098000000, 0x00000000aa7c0000, 0x00000000b8000000)
  eden space 242304K,  61% used [0x0000000098000000, 0x00000000a1064d48, 0x00000000a6ca0000)
  from space 30272K,  99% used [0x00000000a8a30000, 0x00000000aa7bfff8, 0x00000000aa7c0000)
  to   space 30272K,   0% used [0x00000000a6ca0000, 0x00000000a6ca0000, 0x00000000a8a30000)
 tenured generation   total 605576K, used 417962K [0x00000000b8000000, 0x00000000dcf62000, 0x00000000f8000000)
   the space 605576K,  69% used [0x00000000b8000000, 0x00000000d182a9b0, 0x00000000d182aa00, 0x00000000dcf62000)
 compacting perm gen  total 33088K, used 33087K [0x00000000f8000000, 0x00000000fa050000, 0x0000000100000000)
   the space 33088K,  99% used [0x00000000f8000000, 0x00000000fa04ffb8, 0x00000000fa050000, 0x00000000fa050000)
No shared spaces configured.
Event: 44.155 GC heap after
Heap after GC invocations=11 (full 3):
 def new generation   total 365120K, used 0K [0x0000000098000000, 0x00000000b0c20000, 0x00000000b8000000)
  eden space 324608K,   0% used [0x0000000098000000, 0x0000000098000000, 0x00000000abd00000)
  from space 40512K,   0% used [0x00000000abd00000, 0x00000000abd00000, 0x00000000ae490000)
  to   space 40512K,   0% used [0x00000000ae490000, 0x00000000ae490000, 0x00000000b0c20000)
 tenured generation   total 811128K, used 486674K [0x00000000b8000000, 0x00000000e981e000, 0x00000000f8000000)
   the space 811128K,  59% used [0x00000000b8000000, 0x00000000d5b44a38, 0x00000000d5b44c00, 0x00000000e981e000)
 compacting perm gen  total 33088K, used 33087K [0x00000000f8000000, 0x00000000fa050000, 0x0000000100000000)
   the space 33088K,  99% used [0x00000000f8000000, 0x00000000fa04ffb8, 0x00000000fa050000, 0x00000000fa050000)
No shared spaces configured.
}
Event: 49.200 GC heap before
{Heap before GC invocations=11 (full 3):
 def new generation   total 365120K, used 324608K [0x0000000098000000, 0x00000000b0c20000, 0x00000000b8000000)
  eden space 324608K, 100% used [0x0000000098000000, 0x00000000abd00000, 0x00000000abd00000)
  from space 40512K,   0% used [0x00000000abd00000, 0x00000000abd00000, 0x00000000ae490000)
  to   space 40512K,   0% used [0x00000000ae490000, 0x00000000ae490000, 0x00000000b0c20000)
 tenured generation   total 811128K, used 486674K [0x00000000b8000000, 0x00000000e981e000, 0x00000000f8000000)
   the space 811128K,  59% used [0x00000000b8000000, 0x00000000d5b44a38, 0x00000000d5b44c00, 0x00000000e981e000)
 compacting perm gen  total 33408K, used 33147K [0x00000000f8000000, 0x00000000fa0a0000, 0x0000000100000000)
   the space 33408K,  99% used [0x00000000f8000000, 0x00000000fa05ee98, 0x00000000fa05f000, 0x00000000fa0a0000)
No shared spaces configured.
Event: 50.225 GC heap after
Heap after GC invocations=12 (full 3):
 def new generation   total 365120K, used 40512K [0x0000000098000000, 0x00000000b0c20000, 0x00000000b8000000)
  eden space 324608K,   0% used [0x0000000098000000, 0x0000000098000000, 0x00000000abd00000)
  from space 40512K, 100% used [0x00000000ae490000, 0x00000000b0c20000, 0x00000000b0c20000)
  to   space 40512K,   0% used [0x00000000abd00000, 0x00000000abd00000, 0x00000000ae490000)
 tenured generation   total 811128K, used 568230K [0x00000000b8000000, 0x00000000e981e000, 0x00000000f8000000)
   the space 811128K,  70% used [0x00000000b8000000, 0x00000000daae9bb0, 0x00000000daae9c00, 0x00000000e981e000)
 compacting perm gen  total 33408K, used 33147K [0x00000000f8000000, 0x00000000fa0a0000, 0x0000000100000000)
   the space 33408K,  99% used [0x00000000f8000000, 0x00000000fa05ee98, 0x00000000fa05f000, 0x00000000fa0a0000)
No shared spaces configured.
}
Event: 56.113 GC heap before
{Heap before GC invocations=12 (full 3):
 def new generation   total 365120K, used 365120K [0x0000000098000000, 0x00000000b0c20000, 0x00000000b8000000)
  eden space 324608K, 100% used [0x0000000098000000, 0x00000000abd00000, 0x00000000abd00000)
  from space 40512K, 100% used [0x00000000ae490000, 0x00000000b0c20000, 0x00000000b0c20000)
  to   space 40512K,   0% used [0x00000000abd00000, 0x00000000abd00000, 0x00000000ae490000)
 tenured generation   total 811128K, used 568230K [0x00000000b8000000, 0x00000000e981e000, 0x00000000f8000000)
   the space 811128K,  70% used [0x00000000b8000000, 0x00000000daae9bb0, 0x00000000daae9c00, 0x00000000e981e000)
 compacting perm gen  total 33408K, used 33161K [0x00000000f8000000, 0x00000000fa0a0000, 0x0000000100000000)
   the space 33408K,  99% used [0x00000000f8000000, 0x00000000fa0624d8, 0x00000000fa062600, 0x00000000fa0a0000)
No shared spaces configured.
Event: 57.047 GC heap after
Heap after GC invocations=13 (full 3):
 def new generation   total 365120K, used 40511K [0x0000000098000000, 0x00000000b0c20000, 0x00000000b8000000)
  eden space 324608K,   0% used [0x0000000098000000, 0x0000000098000000, 0x00000000abd00000)
  from space 40512K,  99% used [0x00000000abd00000, 0x00000000ae48fff8, 0x00000000ae490000)
  to   space 40512K,   0% used [0x00000000ae490000, 0x00000000ae490000, 0x00000000b0c20000)
 tenured generation   total 811128K, used 667413K [0x00000000b8000000, 0x00000000e981e000, 0x00000000f8000000)
   the space 811128K,  82% used [0x00000000b8000000, 0x00000000e0bc5460, 0x00000000e0bc5600, 0x00000000e981e000)
 compacting perm gen  total 33408K, used 33161K [0x00000000f8000000, 0x00000000fa0a0000, 0x0000000100000000)
   the space 33408K,  99% used [0x00000000f8000000, 0x00000000fa0624d8, 0x00000000fa062600, 0x00000000fa0a0000)
No shared spaces configured.
}
Event: 62.600 GC heap before
{Heap before GC invocations=13 (full 3):
 def new generation   total 365120K, used 365119K [0x0000000098000000, 0x00000000b0c20000, 0x00000000b8000000)
  eden space 324608K, 100% used [0x0000000098000000, 0x00000000abd00000, 0x00000000abd00000)
  from space 40512K,  99% used [0x00000000abd00000, 0x00000000ae48fff8, 0x00000000ae490000)
  to   space 40512K,   0% used [0x00000000ae490000, 0x00000000ae490000, 0x00000000b0c20000)
 tenured generation   total 811128K, used 667413K [0x00000000b8000000, 0x00000000e981e000, 0x00000000f8000000)
   the space 811128K,  82% used [0x00000000b8000000, 0x00000000e0bc5460, 0x00000000e0bc5600, 0x00000000e981e000)
 compacting perm gen  total 33408K, used 33164K [0x00000000f8000000, 0x00000000fa0a0000, 0x0000000100000000)
   the space 33408K,  99% used [0x00000000f8000000, 0x00000000fa063318, 0x00000000fa063400, 0x00000000fa0a0000)
No shared spaces configured.
Event: 63.517 GC heap after
Heap after GC invocations=14 (full 3):
 def new generation   total 365120K, used 40511K [0x0000000098000000, 0x00000000b0c20000, 0x00000000b8000000)
  eden space 324608K,   0% used [0x0000000098000000, 0x0000000098000000, 0x00000000abd00000)
  from space 40512K,  99% used [0x00000000ae490000, 0x00000000b0c1fff8, 0x00000000b0c20000)
  to   space 40512K,   0% used [0x00000000abd00000, 0x00000000abd00000, 0x00000000ae490000)
 tenured generation   total 811128K, used 803350K [0x00000000b8000000, 0x00000000e981e000, 0x00000000f8000000)
   the space 811128K,  99% used [0x00000000b8000000, 0x00000000e9085838, 0x00000000e9085a00, 0x00000000e981e000)
 compacting perm gen  total 33408K, used 33164K [0x00000000f8000000, 0x00000000fa0a0000, 0x0000000100000000)
   the space 33408K,  99% used [0x00000000f8000000, 0x00000000fa063318, 0x00000000fa063400, 0x00000000fa0a0000)
No shared spaces configured.
}
Event: 71.405 GC heap before
{Heap before GC invocations=14 (full 3):
 def new generation   total 365120K, used 365119K [0x0000000098000000, 0x00000000b0c20000, 0x00000000b8000000)
  eden space 324608K, 100% used [0x0000000098000000, 0x00000000abd00000, 0x00000000abd00000)
  from space 40512K,  99% used [0x00000000ae490000, 0x00000000b0c1fff8, 0x00000000b0c20000)
  to   space 40512K,   0% used [0x00000000abd00000, 0x00000000abd00000, 0x00000000ae490000)
 tenured generation   total 811128K, used 803350K [0x00000000b8000000, 0x00000000e981e000, 0x00000000f8000000)
   the space 811128K,  99% used [0x00000000b8000000, 0x00000000e9085838, 0x00000000e9085a00, 0x00000000e981e000)
 compacting perm gen  total 33408K, used 33169K [0x00000000f8000000, 0x00000000fa0a0000, 0x0000000100000000)
   the space 33408K,  99% used [0x00000000f8000000, 0x00000000fa0646d8, 0x00000000fa064800, 0x00000000fa0a0000)
No shared spaces configured.

Deoptimization events (10 events):
Event: 40.697 Thread 0x00007f103c4dc000 Uncommon trap: reason=class_check action=maybe_recompile pc=0x00007f1038cce1e8 method=java.util.AbstractCollection.toArray([Ljava/lang/Object;)[Ljava/lang/Object; @ 1
Event: 41.986 Thread 0x00007f103c4dc000 Uncommon trap: reason=predicate action=maybe_recompile pc=0x00007f1038d3e8dc method=java.util.TreeMap.put(Ljava/lang/Object;Ljava/lang/Object;)Ljava/lang/Object; @ 58
Event: 42.117 Thread 0x00007f103c4dc000 Uncommon trap: reason=class_check action=maybe_recompile pc=0x00007f1038cf4d9c method=java.lang.String.valueOf(Ljava/lang/Object;)Ljava/lang/String; @ 10
Event: 42.131 Thread 0x00007f103c4dc000 Uncommon trap: reason=unreached action=reinterpret pc=0x00007f1038ddd05c method=java.util.TreeMap.getEntry(Ljava/lang/Object;)Ljava/util/TreeMap$Entry; @ 4
Event: 44.155 Thread 0x00007f101d718800 Uncommon trap: reason=bimorphic action=maybe_recompile pc=0x00007f1038d07314 method=java.util.HashMap$KeySet.iterator()Ljava/util/Iterator; @ 4
Event: 44.296 Thread 0x00007f103c4dc000 Uncommon trap: reason=unreached action=reinterpret pc=0x00007f1038df739c method=net.minecraft.server.v1_7_R4.Chunk.getType(III)Lnet/minecraft/server/v1_7_R4/Block; @ 28
Event: 44.297 Thread 0x00007f103c4dc000 Uncommon trap: reason=unreached action=reinterpret pc=0x00007f1038df5560 method=net.minecraft.server.v1_7_R4.Chunk.getType(III)Lnet/minecraft/server/v1_7_R4/Block; @ 28
Event: 44.297 Thread 0x00007f103c4dc000 Uncommon trap: reason=unreached action=reinterpret pc=0x00007f1038df4660 method=net.minecraft.server.v1_7_R4.Chunk.getType(III)Lnet/minecraft/server/v1_7_R4/Block; @ 28
Event: 44.472 Thread 0x00007f103c4dc000 Uncommon trap: reason=class_check action=maybe_recompile pc=0x00007f1038ddd994 method=java.lang.String.valueOf(Ljava/lang/Object;)Ljava/lang/String; @ 10
Event: 57.477 Thread 0x00007f103c4dc000 Uncommon trap: reason=range_check action=make_not_entrant pc=0x00007f1038d73840 method=java.text.SimpleDateFormat.format(Ljava/util/Date;Ljava/lang/StringBuffer;Ljava/text/Format$FieldDelegate;)Ljava/lang/StringBuffer; @ 48

Internal exceptions (10 events):
Event: 71.131 Thread 0x00007f101c1d5800 Threw 0x00000000ab384e30 at /build/buildd/openjdk-7-7u65-2.5.2/build/openjdk/hotspot/src/share/vm/prims/jni.cpp:721
Event: 71.131 Thread 0x00007f101c1d5800 Threw 0x00000000ab384fb0 at /build/buildd/openjdk-7-7u65-2.5.2/build/openjdk/hotspot/src/share/vm/prims/jni.cpp:721
Event: 71.185 Thread 0x00007f101c1d5800 Threw 0x00000000ab385260 at /build/buildd/openjdk-7-7u65-2.5.2/build/openjdk/hotspot/src/share/vm/prims/jni.cpp:721
Event: 71.185 Thread 0x00007f101c1d5800 Threw 0x00000000ab3853e0 at /build/buildd/openjdk-7-7u65-2.5.2/build/openjdk/hotspot/src/share/vm/prims/jni.cpp:721
Event: 71.237 Thread 0x00007f101c1d5800 Threw 0x00000000ab385690 at /build/buildd/openjdk-7-7u65-2.5.2/build/openjdk/hotspot/src/share/vm/prims/jni.cpp:721
Event: 71.237 Thread 0x00007f101c1d5800 Threw 0x00000000ab385810 at /build/buildd/openjdk-7-7u65-2.5.2/build/openjdk/hotspot/src/share/vm/prims/jni.cpp:721
Event: 71.290 Thread 0x00007f101c1d5800 Threw 0x00000000ab385ac0 at /build/buildd/openjdk-7-7u65-2.5.2/build/openjdk/hotspot/src/share/vm/prims/jni.cpp:721
Event: 71.290 Thread 0x00007f101c1d5800 Threw 0x00000000ab385c40 at /build/buildd/openjdk-7-7u65-2.5.2/build/openjdk/hotspot/src/share/vm/prims/jni.cpp:721
Event: 71.330 Thread 0x00007f101c1d5800 Threw 0x00000000ab385ef0 at /build/buildd/openjdk-7-7u65-2.5.2/build/openjdk/hotspot/src/share/vm/prims/jni.cpp:721
Event: 71.330 Thread 0x00007f101c1d5800 Threw 0x00000000ab386070 at /build/buildd/openjdk-7-7u65-2.5.2/build/openjdk/hotspot/src/share/vm/prims/jni.cpp:721

Events (10 events):
Event: 61.481 Executing VM operation: RevokeBias done
Event: 61.481 Executing VM operation: RevokeBias
Event: 61.481 Executing VM operation: RevokeBias done
Event: 61.481 Executing VM operation: RevokeBias
Event: 61.481 Executing VM operation: RevokeBias done
Event: 61.481 Executing VM operation: RevokeBias
Event: 61.481 Executing VM operation: RevokeBias done
Event: 62.584 Executing VM operation: GenCollectForAllocation
Event: 63.521 Executing VM operation: GenCollectForAllocation done
Event: 71.337 Executing VM operation: GenCollectForAllocation


Dynamic libraries:
00400000-00401000 r-xp 00000000 08:01 132376                             /usr/lib/jvm/java-7-openjdk-amd64/jre/bin/java
00600000-00601000 r--p 00000000 08:01 132376                             /usr/lib/jvm/java-7-openjdk-amd64/jre/bin/java
00601000-00602000 rw-p 00001000 08:01 132376                             /usr/lib/jvm/java-7-openjdk-amd64/jre/bin/java
0104f000-01070000 rw-p 00000000 00:00 0                                  [heap]
98000000-b0c20000 rw-p 00000000 00:00 0 
b0c20000-b8000000 rw-p 00000000 00:00 0 
b8000000-ef1be000 rw-p 00000000 00:00 0 
f8000000-fa0a0000 rw-p 00000000 00:00 0 
fa0a0000-100000000 rw-p 00000000 00:00 0 
7f1014000000-7f1014063000 rw-p 00000000 00:00 0 
7f1014063000-7f1018000000 ---p 00000000 00:00 0 
7f101b87c000-7f101b87f000 ---p 00000000 00:00 0 
7f101b87f000-7f101b97d000 rw-p 00000000 00:00 0                          [stack:16033]
7f101b97d000-7f101b980000 ---p 00000000 00:00 0 
7f101b980000-7f101ba7e000 rw-p 00000000 00:00 0                          [stack:16032]
7f101ba7e000-7f101ba81000 ---p 00000000 00:00 0 
7f101ba81000-7f101bb7f000 rw-p 00000000 00:00 0                          [stack:16031]
7f101bb7f000-7f101bb82000 ---p 00000000 00:00 0 
7f101bb82000-7f101bc80000 rw-p 00000000 00:00 0                          [stack:16034]
7f101bc80000-7f101bc83000 ---p 00000000 00:00 0 
7f101bc83000-7f101bd81000 rw-p 00000000 00:00 0                          [stack:16027]
7f101bd81000-7f101bdf9000 r-xp 00000000 08:01 131694                     /usr/lib/x86_64-linux-gnu/nss/libfreebl3.so
7f101bdf9000-7f101bff9000 ---p 00078000 08:01 131694                     /usr/lib/x86_64-linux-gnu/nss/libfreebl3.so
7f101bff9000-7f101bffb000 r--p 00078000 08:01 131694                     /usr/lib/x86_64-linux-gnu/nss/libfreebl3.so
7f101bffb000-7f101bffc000 rw-p 0007a000 08:01 131694                     /usr/lib/x86_64-linux-gnu/nss/libfreebl3.so
7f101bffc000-7f101c000000 rw-p 00000000 00:00 0 
7f101c000000-7f101f113000 rw-p 00000000 00:00 0 
7f101f113000-7f1020000000 ---p 00000000 00:00 0 
7f1020000000-7f102080a000 rw-p 00000000 00:00 0 
7f102080a000-7f1024000000 ---p 00000000 00:00 0 
7f1024000000-7f1024021000 rw-p 00000000 00:00 0 
7f1024021000-7f1028000000 ---p 00000000 00:00 0 
7f102802c000-7f10280e0000 r-xp 00000000 08:01 22924                      /usr/lib/x86_64-linux-gnu/libsqlite3.so.0.8.6
7f10280e0000-7f10282e0000 ---p 000b4000 08:01 22924                      /usr/lib/x86_64-linux-gnu/libsqlite3.so.0.8.6
7f10282e0000-7f10282e2000 r--p 000b4000 08:01 22924                      /usr/lib/x86_64-linux-gnu/libsqlite3.so.0.8.6
7f10282e2000-7f10282e4000 rw-p 000b6000 08:01 22924                      /usr/lib/x86_64-linux-gnu/libsqlite3.so.0.8.6
7f10282e4000-7f10282e5000 rw-p 00000000 00:00 0 
7f10282e5000-7f1028325000 r-xp 00000000 08:01 131698                     /usr/lib/x86_64-linux-gnu/nss/libsoftokn3.so
7f1028325000-7f1028525000 ---p 00040000 08:01 131698                     /usr/lib/x86_64-linux-gnu/nss/libsoftokn3.so
7f1028525000-7f1028526000 r--p 00040000 08:01 131698                     /usr/lib/x86_64-linux-gnu/nss/libsoftokn3.so
7f1028526000-7f1028527000 rw-p 00041000 08:01 131698                     /usr/lib/x86_64-linux-gnu/nss/libsoftokn3.so
7f1028527000-7f102855f000 r-xp 00000000 08:01 59843                      /usr/lib/x86_64-linux-gnu/libnspr4.so
7f102855f000-7f102875f000 ---p 00038000 08:01 59843                      /usr/lib/x86_64-linux-gnu/libnspr4.so
7f102875f000-7f1028760000 r--p 00038000 08:01 59843                      /usr/lib/x86_64-linux-gnu/libnspr4.so
7f1028760000-7f1028761000 rw-p 00039000 08:01 59843                      /usr/lib/x86_64-linux-gnu/libnspr4.so
7f1028761000-7f1028764000 rw-p 00000000 00:00 0 
7f1028764000-7f1028767000 r-xp 00000000 08:01 59841                      /usr/lib/x86_64-linux-gnu/libplds4.so
7f1028767000-7f1028966000 ---p 00003000 08:01 59841                      /usr/lib/x86_64-linux-gnu/libplds4.so
7f1028966000-7f1028967000 r--p 00002000 08:01 59841                      /usr/lib/x86_64-linux-gnu/libplds4.so
7f1028967000-7f1028968000 rw-p 00003000 08:01 59841                      /usr/lib/x86_64-linux-gnu/libplds4.so
7f1028968000-7f102896c000 r-xp 00000000 08:01 59842                      /usr/lib/x86_64-linux-gnu/libplc4.so
7f102896c000-7f1028b6b000 ---p 00004000 08:01 59842                      /usr/lib/x86_64-linux-gnu/libplc4.so
7f1028b6b000-7f1028b6c000 r--p 00003000 08:01 59842                      /usr/lib/x86_64-linux-gnu/libplc4.so
7f1028b6c000-7f1028b6d000 rw-p 00004000 08:01 59842                      /usr/lib/x86_64-linux-gnu/libplc4.so
7f1028b6d000-7f1028b92000 r-xp 00000000 08:01 59854                      /usr/lib/x86_64-linux-gnu/libnssutil3.so
7f1028b92000-7f1028d91000 ---p 00025000 08:01 59854                      /usr/lib/x86_64-linux-gnu/libnssutil3.so
7f1028d91000-7f1028d97000 r--p 00024000 08:01 59854                      /usr/lib/x86_64-linux-gnu/libnssutil3.so
7f1028d97000-7f1028d98000 rw-p 0002a000 08:01 59854                      /usr/lib/x86_64-linux-gnu/libnssutil3.so
7f1028d98000-7f1028ecb000 r-xp 00000000 08:01 59857                      /usr/lib/x86_64-linux-gnu/libnss3.so
7f1028ecb000-7f10290ca000 ---p 00133000 08:01 59857                      /usr/lib/x86_64-linux-gnu/libnss3.so
7f10290ca000-7f10290cf000 r--p 00132000 08:01 59857                      /usr/lib/x86_64-linux-gnu/libnss3.so
7f10290cf000-7f10290d1000 rw-p 00137000 08:01 59857                      /usr/lib/x86_64-linux-gnu/libnss3.so
7f10290d1000-7f10290d2000 rw-p 00000000 00:00 0 
7f10290d2000-7f10290e2000 r-xp 00000000 08:01 132334                     /usr/lib/jvm/java-7-openjdk-amd64/jre/lib/amd64/libj2pkcs11.so
7f10290e2000-7f10292e1000 ---p 00010000 08:01 132334                     /usr/lib/jvm/java-7-openjdk-amd64/jre/lib/amd64/libj2pkcs11.so
7f10292e1000-7f10292e2000 r--p 0000f000 08:01 132334                     /usr/lib/jvm/java-7-openjdk-amd64/jre/lib/amd64/libj2pkcs11.so
7f10292e2000-7f10292e3000 rw-p 00010000 08:01 132334                     /usr/lib/jvm/java-7-openjdk-amd64/jre/lib/amd64/libj2pkcs11.so
7f10292f1000-7f10292f4000 ---p 00000000 00:00 0 
7f10292f4000-7f10293f2000 rw-p 00000000 00:00 0                          [stack:16030]
7f10293f2000-7f10293f5000 ---p 00000000 00:00 0 
7f10293f5000-7f10294f3000 rw-p 00000000 00:00 0                          [stack:16025]
7f10294f3000-7f10294f6000 ---p 00000000 00:00 0 
7f10294f6000-7f10295f4000 rw-p 00000000 00:00 0                          [stack:16024]
7f10295f4000-7f10295f7000 ---p 00000000 00:00 0 
7f10295f7000-7f10296f5000 rw-p 00000000 00:00 0                          [stack:16023]
7f10296f5000-7f10296f8000 ---p 00000000 00:00 0 
7f10296f8000-7f102972e000 rw-p 00000000 00:00 0                          [stack:16021]
7f102972e000-7f1029731000 ---p 00000000 00:00 0 
7f1029731000-7f102982f000 rw-p 00000000 00:00 0                          [stack:16019]
7f102982f000-7f1029832000 ---p 00000000 00:00 0 
7f1029832000-7f1029930000 rw-p 00000000 00:00 0                          [stack:16018]
7f1029930000-7f1029933000 ---p 00000000 00:00 0 
7f1029933000-7f1029a31000 rw-p 00000000 00:00 0                          [stack:16016]
7f1029a31000-7f1029a34000 ---p 00000000 00:00 0 
7f1029a34000-7f1029b32000 rw-p 00000000 00:00 0                          [stack:16015]
7f1029b32000-7f1029b35000 ---p 00000000 00:00 0 
7f1029b35000-7f1029c33000 rw-p 00000000 00:00 0                          [stack:16014]
7f1029c33000-7f1029c36000 ---p 00000000 00:00 0 
7f1029c36000-7f1029d34000 rw-p 00000000 00:00 0                          [stack:16013]
7f1029d34000-7f1029d37000 ---p 00000000 00:00 0 
7f1029d37000-7f1029e35000 rw-p 00000000 00:00 0                          [stack:16012]
7f1029e35000-7f1029e3a000 r-xp 00000000 08:01 2917                       /lib/x86_64-linux-gnu/libnss_dns-2.19.so
7f1029e3a000-7f102a039000 ---p 00005000 08:01 2917                       /lib/x86_64-linux-gnu/libnss_dns-2.19.so
7f102a039000-7f102a03a000 r--p 00004000 08:01 2917                       /lib/x86_64-linux-gnu/libnss_dns-2.19.so
7f102a03a000-7f102a03b000 rw-p 00005000 08:01 2917                       /lib/x86_64-linux-gnu/libnss_dns-2.19.so
7f102a03b000-7f102a043000 r-xp 00000000 08:01 132337                     /usr/lib/jvm/java-7-openjdk-amd64/jre/lib/amd64/libmanagement.so
7f102a043000-7f102a242000 ---p 00008000 08:01 132337                     /usr/lib/jvm/java-7-openjdk-amd64/jre/lib/amd64/libmanagement.so
7f102a242000-7f102a243000 r--p 00007000 08:01 132337                     /usr/lib/jvm/java-7-openjdk-amd64/jre/lib/amd64/libmanagement.so
7f102a243000-7f102a244000 rw-p 00008000 08:01 132337                     /usr/lib/jvm/java-7-openjdk-amd64/jre/lib/amd64/libmanagement.so
7f102a244000-7f102a281000 r-xp 00000000 08:01 2942                       /lib/x86_64-linux-gnu/libpcre.so.3.13.1
7f102a281000-7f102a480000 ---p 0003d000 08:01 2942                       /lib/x86_64-linux-gnu/libpcre.so.3.13.1
7f102a480000-7f102a481000 r--p 0003c000 08:01 2942                       /lib/x86_64-linux-gnu/libpcre.so.3.13.1
7f102a481000-7f102a482000 rw-p 0003d000 08:01 2942                       /lib/x86_64-linux-gnu/libpcre.so.3.13.1
7f102a482000-7f102a489000 r-xp 00000000 08:01 22971                      /usr/lib/x86_64-linux-gnu/libffi.so.6.0.1
7f102a489000-7f102a688000 ---p 00007000 08:01 22971                      /usr/lib/x86_64-linux-gnu/libffi.so.6.0.1
7f102a688000-7f102a689000 r--p 00006000 08:01 22971                      /usr/lib/x86_64-linux-gnu/libffi.so.6.0.1
7f102a689000-7f102a68a000 rw-p 00007000 08:01 22971                      /usr/lib/x86_64-linux-gnu/libffi.so.6.0.1
7f102a68a000-7f102a6a1000 r-xp 00000000 08:01 2914                       /lib/x86_64-linux-gnu/libresolv-2.19.so
7f102a6a1000-7f102a8a1000 ---p 00017000 08:01 2914                       /lib/x86_64-linux-gnu/libresolv-2.19.so
7f102a8a1000-7f102a8a2000 r--p 00017000 08:01 2914                       /lib/x86_64-linux-gnu/libresolv-2.19.so
7f102a8a2000-7f102a8a3000 rw-p 00018000 08:01 2914                       /lib/x86_64-linux-gnu/libresolv-2.19.so
7f102a8a3000-7f102a8a5000 rw-p 00000000 00:00 0 
7f102a8a5000-7f102a8c5000 r-xp 00000000 08:01 2941                       /lib/x86_64-linux-gnu/libselinux.so.1
7f102a8c5000-7f102aac4000 ---p 00020000 08:01 2941                       /lib/x86_64-linux-gnu/libselinux.so.1
7f102aac4000-7f102aac5000 r--p 0001f000 08:01 2941                       /lib/x86_64-linux-gnu/libselinux.so.1
7f102aac5000-7f102aac6000 rw-p 00020000 08:01 2941                       /lib/x86_64-linux-gnu/libselinux.so.1
7f102aac6000-7f102aac8000 rw-p 00000000 00:00 0 
7f102aac8000-7f102aacb000 r-xp 00000000 08:01 22923                      /usr/lib/x86_64-linux-gnu/libgmodule-2.0.so.0.4000.0
7f102aacb000-7f102acca000 ---p 00003000 08:01 22923                      /usr/lib/x86_64-linux-gnu/libgmodule-2.0.so.0.4000.0
7f102acca000-7f102accb000 r--p 00002000 08:01 22923                      /usr/lib/x86_64-linux-gnu/libgmodule-2.0.so.0.4000.0
7f102accb000-7f102accc000 rw-p 00003000 08:01 22923                      /usr/lib/x86_64-linux-gnu/libgmodule-2.0.so.0.4000.0
7f102accc000-7f102add2000 r-xp 00000000 08:01 2924                       /lib/x86_64-linux-gnu/libglib-2.0.so.0.4000.0
7f102add2000-7f102afd1000 ---p 00106000 08:01 2924                       /lib/x86_64-linux-gnu/libglib-2.0.so.0.4000.0
7f102afd1000-7f102afd2000 r--p 00105000 08:01 2924                       /lib/x86_64-linux-gnu/libglib-2.0.so.0.4000.0
7f102afd2000-7f102afd3000 rw-p 00106000 08:01 2924                       /lib/x86_64-linux-gnu/libglib-2.0.so.0.4000.0
7f102afd3000-7f102afd4000 rw-p 00000000 00:00 0 
7f102afd4000-7f102b023000 r-xp 00000000 08:01 22989                      /usr/lib/x86_64-linux-gnu/libgobject-2.0.so.0.4000.0
7f102b023000-7f102b223000 ---p 0004f000 08:01 22989                      /usr/lib/x86_64-linux-gnu/libgobject-2.0.so.0.4000.0
7f102b223000-7f102b224000 r--p 0004f000 08:01 22989                      /usr/lib/x86_64-linux-gnu/libgobject-2.0.so.0.4000.0
7f102b224000-7f102b225000 rw-p 00050000 08:01 22989                      /usr/lib/x86_64-linux-gnu/libgobject-2.0.so.0.4000.0
7f102b225000-7f102b390000 r-xp 00000000 08:01 23074                      /usr/lib/x86_64-linux-gnu/libgio-2.0.so.0.4000.0
7f102b390000-7f102b590000 ---p 0016b000 08:01 23074                      /usr/lib/x86_64-linux-gnu/libgio-2.0.so.0.4000.0
7f102b590000-7f102b594000 r--p 0016b000 08:01 23074                      /usr/lib/x86_64-linux-gnu/libgio-2.0.so.0.4000.0
7f102b594000-7f102b596000 rw-p 0016f000 08:01 23074                      /usr/lib/x86_64-linux-gnu/libgio-2.0.so.0.4000.0
7f102b596000-7f102b598000 rw-p 00000000 00:00 0 
7f102b598000-7f102b5af000 r-xp 00000000 08:01 132327                     /usr/lib/jvm/java-7-openjdk-amd64/jre/lib/amd64/libnet.so
7f102b5af000-7f102b7ae000 ---p 00017000 08:01 132327                     /usr/lib/jvm/java-7-openjdk-amd64/jre/lib/amd64/libnet.so
7f102b7ae000-7f102b7af000 r--p 00016000 08:01 132327                     /usr/lib/jvm/java-7-openjdk-amd64/jre/lib/amd64/libnet.so
7f102b7af000-7f102b7b0000 rw-p 00017000 08:01 132327                     /usr/lib/jvm/java-7-openjdk-amd64/jre/lib/amd64/libnet.so
7f102b7b0000-7f102b7c0000 r-xp 00000000 08:01 132319                     /usr/lib/jvm/java-7-openjdk-amd64/jre/lib/amd64/libnio.so
7f102b7c0000-7f102b9c0000 ---p 00010000 08:01 132319                     /usr/lib/jvm/java-7-openjdk-amd64/jre/lib/amd64/libnio.so
7f102b9c0000-7f102b9c1000 r--p 00010000 08:01 132319                     /usr/lib/jvm/java-7-openjdk-amd64/jre/lib/amd64/libnio.so
7f102b9c1000-7f102b9c2000 rw-p 00011000 08:01 132319                     /usr/lib/jvm/java-7-openjdk-amd64/jre/lib/amd64/libnio.so
7f102b9c2000-7f102bafb000 r--s 0126b000 08:01 135848                     /home/aria/hivecraft/spigot/spigot-1649.jar
7f102bafb000-7f102bafc000 ---p 00000000 00:00 0 
7f102bafc000-7f102bbfc000 rw-p 00000000 00:00 0                          [stack:16011]
7f102bbfc000-7f102bbff000 ---p 00000000 00:00 0 
7f102bbff000-7f102bcfd000 rw-p 00000000 00:00 0                          [stack:16010]
7f102bcfd000-7f102bd00000 ---p 00000000 00:00 0 
7f102bd00000-7f102bdfe000 rw-p 00000000 00:00 0                          [stack:16009]
7f102bdfe000-7f102be01000 ---p 00000000 00:00 0 
7f102be01000-7f102beff000 rw-p 00000000 00:00 0                          [stack:16008]
7f102beff000-7f102bf02000 ---p 00000000 00:00 0 
7f102bf02000-7f102c000000 rw-p 00000000 00:00 0                          [stack:16007]
7f102c000000-7f102c049000 rw-p 00000000 00:00 0 
7f102c049000-7f1030000000 ---p 00000000 00:00 0 
7f1030000000-7f1030021000 rw-p 00000000 00:00 0 
7f1030021000-7f1034000000 ---p 00000000 00:00 0 
7f1034000000-7f103430d000 rw-p 00000000 00:00 0 
7f103430d000-7f1038000000 ---p 00000000 00:00 0 
7f103800b000-7f1038015000 r--s 000e7000 08:01 137062                     /home/aria/hivecraft/plugins/Essentials.jar
7f1038015000-7f1038023000 r--s 000d9000 08:01 137066                     /home/aria/hivecraft/plugins/WorldEdit.jar
7f1038023000-7f10381ac000 r--p 00000000 08:01 28892                      /usr/lib/locale/locale-archive
7f10381ac000-7f10381af000 ---p 00000000 00:00 0 
7f10381af000-7f10382ad000 rw-p 00000000 00:00 0                          [stack:16006]
7f10382ad000-7f10382b0000 ---p 00000000 00:00 0 
7f10382b0000-7f10383ae000 rw-p 00000000 00:00 0                          [stack:16005]
7f10383ae000-7f10383af000 ---p 00000000 00:00 0 
7f10383af000-7f10384f8000 rw-p 00000000 00:00 0                          [stack:16004]
7f10384f8000-7f10386a9000 r--s 01d21000 08:01 132272                     /usr/lib/jvm/java-7-openjdk-amd64/jre/lib/rt.jar
7f10386a9000-7f1038862000 rw-p 00000000 00:00 0 
7f1038862000-7f10388aa000 rw-p 00000000 00:00 0 
7f10388aa000-7f1038971000 rw-p 00000000 00:00 0 
7f1038971000-7f10389aa000 rw-p 00000000 00:00 0 
7f10389aa000-7f1038b63000 rw-p 00000000 00:00 0 
7f1038b63000-7f1038baa000 rw-p 00000000 00:00 0 
7f1038baa000-7f1038bbb000 rw-p 00000000 00:00 0 
7f1038bbb000-7f1038bea000 rw-p 00000000 00:00 0 
7f1038bea000-7f1038beb000 rw-p 00000000 00:00 0 
7f1038beb000-7f1038e5b000 rwxp 00000000 00:00 0 
7f1038e5b000-7f103bbeb000 rw-p 00000000 00:00 0 
7f103bbeb000-7f103bbf3000 r-xp 00000000 08:01 132315                     /usr/lib/jvm/java-7-openjdk-amd64/jre/lib/amd64/libzip.so
7f103bbf3000-7f103bdf2000 ---p 00008000 08:01 132315                     /usr/lib/jvm/java-7-openjdk-amd64/jre/lib/amd64/libzip.so
7f103bdf2000-7f103bdf3000 r--p 00007000 08:01 132315                     /usr/lib/jvm/java-7-openjdk-amd64/jre/lib/amd64/libzip.so
7f103bdf3000-7f103bdf4000 rw-p 00008000 08:01 132315                     /usr/lib/jvm/java-7-openjdk-amd64/jre/lib/amd64/libzip.so
7f103bdf4000-7f103bdff000 r-xp 00000000 08:01 2894                       /lib/x86_64-linux-gnu/libnss_files-2.19.so
7f103bdff000-7f103bffe000 ---p 0000b000 08:01 2894                       /lib/x86_64-linux-gnu/libnss_files-2.19.so
7f103bffe000-7f103bfff000 r--p 0000a000 08:01 2894                       /lib/x86_64-linux-gnu/libnss_files-2.19.so
7f103bfff000-7f103c000000 rw-p 0000b000 08:01 2894                       /lib/x86_64-linux-gnu/libnss_files-2.19.so
7f103c000000-7f103c6e7000 rw-p 00000000 00:00 0 
7f103c6e7000-7f1040000000 ---p 00000000 00:00 0 
7f1040001000-7f1040002000 rw-p 00000000 00:00 0 
7f1040002000-7f1040004000 r--s 00003000 08:01 137067                     /home/aria/hivecraft/plugins/EssentialsSpawn.jar
7f1040004000-7f1040005000 r--s 00003000 08:01 137061                     /home/aria/hivecraft/plugins/EssentialsAntiBuild.jar
7f1040005000-7f1040006000 r--s 00004000 08:01 137068                     /home/aria/hivecraft/plugins/EssentialsProtect.jar
7f1040006000-7f1040008000 r--s 00002000 08:01 137056                     /home/aria/hivecraft/plugins/EssentialsChat.jar
7f1040008000-7f10400ea000 rw-p 00000000 00:00 0 
7f10400ea000-7f104011a000 rw-p 00000000 00:00 0 
7f104011a000-7f1040125000 r-xp 00000000 08:01 2891                       /lib/x86_64-linux-gnu/libnss_nis-2.19.so
7f1040125000-7f1040324000 ---p 0000b000 08:01 2891                       /lib/x86_64-linux-gnu/libnss_nis-2.19.so
7f1040324000-7f1040325000 r--p 0000a000 08:01 2891                       /lib/x86_64-linux-gnu/libnss_nis-2.19.so
7f1040325000-7f1040326000 rw-p 0000b000 08:01 2891                       /lib/x86_64-linux-gnu/libnss_nis-2.19.so
7f1040326000-7f104033d000 r-xp 00000000 08:01 2779                       /lib/x86_64-linux-gnu/libnsl-2.19.so
7f104033d000-7f104053c000 ---p 00017000 08:01 2779                       /lib/x86_64-linux-gnu/libnsl-2.19.so
7f104053c000-7f104053d000 r--p 00016000 08:01 2779                       /lib/x86_64-linux-gnu/libnsl-2.19.so
7f104053d000-7f104053e000 rw-p 00017000 08:01 2779                       /lib/x86_64-linux-gnu/libnsl-2.19.so
7f104053e000-7f1040540000 rw-p 00000000 00:00 0 
7f1040540000-7f1040549000 r-xp 00000000 08:01 2786                       /lib/x86_64-linux-gnu/libnss_compat-2.19.so
7f1040549000-7f1040748000 ---p 00009000 08:01 2786                       /lib/x86_64-linux-gnu/libnss_compat-2.19.so
7f1040748000-7f1040749000 r--p 00008000 08:01 2786                       /lib/x86_64-linux-gnu/libnss_compat-2.19.so
7f1040749000-7f104074a000 rw-p 00009000 08:01 2786                       /lib/x86_64-linux-gnu/libnss_compat-2.19.so
7f104074a000-7f1040775000 r-xp 00000000 08:01 132314                     /usr/lib/jvm/java-7-openjdk-amd64/jre/lib/amd64/libjava.so
7f1040775000-7f1040975000 ---p 0002b000 08:01 132314                     /usr/lib/jvm/java-7-openjdk-amd64/jre/lib/amd64/libjava.so
7f1040975000-7f1040976000 r--p 0002b000 08:01 132314                     /usr/lib/jvm/java-7-openjdk-amd64/jre/lib/amd64/libjava.so
7f1040976000-7f1040978000 rw-p 0002c000 08:01 132314                     /usr/lib/jvm/java-7-openjdk-amd64/jre/lib/amd64/libjava.so
7f1040978000-7f1040988000 r-xp 00000000 08:01 132341                     /usr/lib/jvm/java-7-openjdk-amd64/jre/lib/amd64/libverify.so
7f1040988000-7f1040b87000 ---p 00010000 08:01 132341                     /usr/lib/jvm/java-7-openjdk-amd64/jre/lib/amd64/libverify.so
7f1040b87000-7f1040b89000 r--p 0000f000 08:01 132341                     /usr/lib/jvm/java-7-openjdk-amd64/jre/lib/amd64/libverify.so
7f1040b89000-7f1040b8a000 rw-p 00011000 08:01 132341                     /usr/lib/jvm/java-7-openjdk-amd64/jre/lib/amd64/libverify.so
7f1040b8a000-7f1040b91000 r-xp 00000000 08:01 2955                       /lib/x86_64-linux-gnu/librt-2.19.so
7f1040b91000-7f1040d90000 ---p 00007000 08:01 2955                       /lib/x86_64-linux-gnu/librt-2.19.so
7f1040d90000-7f1040d91000 r--p 00006000 08:01 2955                       /lib/x86_64-linux-gnu/librt-2.19.so
7f1040d91000-7f1040d92000 rw-p 00007000 08:01 2955                       /lib/x86_64-linux-gnu/librt-2.19.so
7f1040d92000-7f1040da8000 r-xp 00000000 08:01 2979                       /lib/x86_64-linux-gnu/libgcc_s.so.1
7f1040da8000-7f1040fa7000 ---p 00016000 08:01 2979                       /lib/x86_64-linux-gnu/libgcc_s.so.1
7f1040fa7000-7f1040fa8000 rw-p 00015000 08:01 2979                       /lib/x86_64-linux-gnu/libgcc_s.so.1
7f1040fa8000-7f10410ad000 r-xp 00000000 08:01 2897                       /lib/x86_64-linux-gnu/libm-2.19.so
7f10410ad000-7f10412ac000 ---p 00105000 08:01 2897                       /lib/x86_64-linux-gnu/libm-2.19.so
7f10412ac000-7f10412ad000 r--p 00104000 08:01 2897                       /lib/x86_64-linux-gnu/libm-2.19.so
7f10412ad000-7f10412ae000 rw-p 00105000 08:01 2897                       /lib/x86_64-linux-gnu/libm-2.19.so
7f10412ae000-7f1041394000 r-xp 00000000 08:01 22930                      /usr/lib/x86_64-linux-gnu/libstdc++.so.6.0.19
7f1041394000-7f1041593000 ---p 000e6000 08:01 22930                      /usr/lib/x86_64-linux-gnu/libstdc++.so.6.0.19
7f1041593000-7f104159b000 r--p 000e5000 08:01 22930                      /usr/lib/x86_64-linux-gnu/libstdc++.so.6.0.19
7f104159b000-7f104159d000 rw-p 000ed000 08:01 22930                      /usr/lib/x86_64-linux-gnu/libstdc++.so.6.0.19
7f104159d000-7f10415b2000 rw-p 00000000 00:00 0 
7f10415b2000-7f10420c8000 r-xp 00000000 08:01 132331                     /usr/lib/jvm/java-7-openjdk-amd64/jre/lib/amd64/server/libjvm.so
7f10420c8000-7f10422c7000 ---p 00b16000 08:01 132331                     /usr/lib/jvm/java-7-openjdk-amd64/jre/lib/amd64/server/libjvm.so
7f10422c7000-7f1042361000 r--p 00b15000 08:01 132331                     /usr/lib/jvm/java-7-openjdk-amd64/jre/lib/amd64/server/libjvm.so
7f1042361000-7f1042384000 rw-p 00baf000 08:01 132331                     /usr/lib/jvm/java-7-openjdk-amd64/jre/lib/amd64/server/libjvm.so
7f1042384000-7f10423b2000 rw-p 00000000 00:00 0 
7f10423b2000-7f10423ca000 r-xp 00000000 08:01 2873                       /lib/x86_64-linux-gnu/libz.so.1.2.8
7f10423ca000-7f10425c9000 ---p 00018000 08:01 2873                       /lib/x86_64-linux-gnu/libz.so.1.2.8
7f10425c9000-7f10425ca000 r--p 00017000 08:01 2873                       /lib/x86_64-linux-gnu/libz.so.1.2.8
7f10425ca000-7f10425cb000 rw-p 00018000 08:01 2873                       /lib/x86_64-linux-gnu/libz.so.1.2.8
7f10425cb000-7f10425e4000 r-xp 00000000 08:01 2778                       /lib/x86_64-linux-gnu/libpthread-2.19.so
7f10425e4000-7f10427e3000 ---p 00019000 08:01 2778                       /lib/x86_64-linux-gnu/libpthread-2.19.so
7f10427e3000-7f10427e4000 r--p 00018000 08:01 2778                       /lib/x86_64-linux-gnu/libpthread-2.19.so
7f10427e4000-7f10427e5000 rw-p 00019000 08:01 2778                       /lib/x86_64-linux-gnu/libpthread-2.19.so
7f10427e5000-7f10427e9000 rw-p 00000000 00:00 0 
7f10427e9000-7f10427ec000 r-xp 00000000 08:01 2913                       /lib/x86_64-linux-gnu/libdl-2.19.so
7f10427ec000-7f10429eb000 ---p 00003000 08:01 2913                       /lib/x86_64-linux-gnu/libdl-2.19.so
7f10429eb000-7f10429ec000 r--p 00002000 08:01 2913                       /lib/x86_64-linux-gnu/libdl-2.19.so
7f10429ec000-7f10429ed000 rw-p 00003000 08:01 2913                       /lib/x86_64-linux-gnu/libdl-2.19.so
7f10429ed000-7f1042ba8000 r-xp 00000000 08:01 2975                       /lib/x86_64-linux-gnu/libc-2.19.so
7f1042ba8000-7f1042da8000 ---p 001bb000 08:01 2975                       /lib/x86_64-linux-gnu/libc-2.19.so
7f1042da8000-7f1042dac000 r--p 001bb000 08:01 2975                       /lib/x86_64-linux-gnu/libc-2.19.so
7f1042dac000-7f1042dae000 rw-p 001bf000 08:01 2975                       /lib/x86_64-linux-gnu/libc-2.19.so
7f1042dae000-7f1042db3000 rw-p 00000000 00:00 0 
7f1042db3000-7f1042dc0000 r-xp 00000000 08:01 132345                     /usr/lib/jvm/java-7-openjdk-amd64/jre/lib/amd64/jli/libjli.so
7f1042dc0000-7f1042fbf000 ---p 0000d000 08:01 132345                     /usr/lib/jvm/java-7-openjdk-amd64/jre/lib/amd64/jli/libjli.so
7f1042fbf000-7f1042fc0000 r--p 0000c000 08:01 132345                     /usr/lib/jvm/java-7-openjdk-amd64/jre/lib/amd64/jli/libjli.so
7f1042fc0000-7f1042fc1000 rw-p 0000d000 08:01 132345                     /usr/lib/jvm/java-7-openjdk-amd64/jre/lib/amd64/jli/libjli.so
7f1042fc1000-7f1042fe4000 r-xp 00000000 08:01 2772                       /lib/x86_64-linux-gnu/ld-2.19.so
7f1042fe4000-7f1042fe5000 r--s 00007000 08:01 137064                     /home/aria/hivecraft/plugins/ChopTree2.jar
7f1042fe5000-7f1042fe9000 r--s 0001f000 08:01 137065                     /home/aria/hivecraft/plugins/BloodMoon.jar
7f1042fe9000-7f1042fec000 r--s 00015000 08:01 137063                     /home/aria/hivecraft/plugins/Clearlag.jar
7f1042fec000-7f1042fee000 r--s 0000c000 08:01 135165                     /home/aria/hivecraft/plugins/Carbon.jar
7f1042fee000-7f1042ff1000 r--s 00017000 08:01 132292                     /usr/lib/jvm/java-7-openjdk-amd64/jre/lib/jce.jar
7f1042ff1000-7f1042ff6000 r--s 0004c000 08:01 132287                     /usr/lib/jvm/java-7-openjdk-amd64/jre/lib/jsse.jar
7f1042ff6000-7f1042fff000 r--s 000b9000 08:01 132310                     /usr/lib/jvm/java-7-openjdk-amd64/jre/lib/resources.jar
7f1042fff000-7f1043003000 r--s 00085000 08:01 132309                     /usr/lib/jvm/java-7-openjdk-amd64/jre/lib/ext/localedata.jar
7f1043003000-7f1043004000 r--s 00002000 08:01 132308                     /usr/lib/jvm/java-7-openjdk-amd64/jre/lib/ext/dnsns.jar
7f1043004000-7f1043007000 r--s 0003c000 08:01 132306                     /usr/lib/jvm/java-7-openjdk-amd64/jre/lib/ext/sunpkcs11.jar
7f1043007000-7f104300a000 r--s 00032000 08:01 132304                     /usr/lib/jvm/java-7-openjdk-amd64/jre/lib/ext/sunjce_provider.jar
7f104300a000-7f1043014000 rw-p 00000000 00:00 0 
7f1043014000-7f10430ca000 rw-p 00000000 00:00 0 
7f10430ca000-7f10430d2000 rw-s 00000000 08:01 136643                     /tmp/hsperfdata_aria/16000
7f10430d2000-7f10430d5000 ---p 00000000 00:00 0 
7f10430d5000-7f10431d8000 rw-p 00000000 00:00 0                          [stack:16003]
7f10431d8000-7f10431da000 r--s 00006000 08:01 60068                      /usr/share/java/java-atk-wrapper.jar
7f10431da000-7f10431dc000 r--s 00012000 08:01 132307                     /usr/lib/jvm/java-7-openjdk-amd64/jre/lib/ext/zipfs.jar
7f10431dc000-7f10431df000 r--s 0000f000 08:01 132305                     /usr/lib/jvm/java-7-openjdk-amd64/jre/lib/ext/pulse-java.jar
7f10431df000-7f10431e0000 rw-p 00000000 00:00 0 
7f10431e0000-7f10431e1000 ---p 00000000 00:00 0 
7f10431e1000-7f10431e3000 rw-p 00000000 00:00 0 
7f10431e3000-7f10431e4000 r--p 00022000 08:01 2772                       /lib/x86_64-linux-gnu/ld-2.19.so
7f10431e4000-7f10431e5000 rw-p 00023000 08:01 2772                       /lib/x86_64-linux-gnu/ld-2.19.so
7f10431e5000-7f10431e6000 rw-p 00000000 00:00 0 
7fffbf189000-7fffbf1aa000 rw-p 00000000 00:00 0                          [stack]
7fffbf1fe000-7fffbf200000 r-xp 00000000 00:00 0                          [vdso]
ffffffffff600000-ffffffffff601000 r-xp 00000000 00:00 0                  [vsyscall]

VM Arguments:
jvm_args: -Xms512M -Xmx1536M -XX:MaxPermSize=128M 
java_command: spigot/spigot-1649.jar
Launcher Type: SUN_STANDARD

Environment Variables:
PATH=/usr/local/sbin:/usr/local/bin:/usr/sbin:/usr/bin:/sbin:/bin:/usr/games:/usr/local/games
SHELL=/bin/bash

Signal Handlers:
SIGSEGV: [libjvm.so+0x949180], sa_mask[0]=0x7ffbfeff, sa_flags=0x10000004
SIGBUS: [libjvm.so+0x949180], sa_mask[0]=0x7ffbfeff, sa_flags=0x10000004
SIGFPE: [libjvm.so+0x7c2ec0], sa_mask[0]=0x7ffbfeff, sa_flags=0x10000004
SIGPIPE: SIG_IGN, sa_mask[0]=0x00000000, sa_flags=0x00000000
SIGXFSZ: [libjvm.so+0x7c2ec0], sa_mask[0]=0x7ffbfeff, sa_flags=0x10000004
SIGILL: [libjvm.so+0x7c2ec0], sa_mask[0]=0x7ffbfeff, sa_flags=0x10000004
SIGUSR1: SIG_DFL, sa_mask[0]=0x00000000, sa_flags=0x00000000
SIGUSR2: [libjvm.so+0x7c2d60], sa_mask[0]=0x00000004, sa_flags=0x10000004
SIGHUP: [libjvm.so+0x7c2f40], sa_mask[0]=0x7ffbfeff, sa_flags=0x10000004
SIGINT: [libjvm.so+0x7c2f40], sa_mask[0]=0x7ffbfeff, sa_flags=0x10000004
SIGTERM: [libjvm.so+0x7c2f40], sa_mask[0]=0x7ffbfeff, sa_flags=0x10000004
SIGQUIT: [libjvm.so+0x7c2f40], sa_mask[0]=0x7ffbfeff, sa_flags=0x10000004
SIGTRAP: SIG_DFL, sa_mask[0]=0x00000000, sa_flags=0x00000000


---------------  S Y S T E M  ---------------

OS:Ubuntu 14.04 (trusty)
uname:Linux 3.13.0-36-generic #63-Ubuntu SMP Wed Sep 3 21:30:07 UTC 2014 x86_64
libc:glibc 2.19 NPTL 2.19 
rlimit: STACK 8192k, CORE 0k, NPROC 13345, NOFILE 4096, AS infinity
load average:1.47 0.75 0.58

/proc/meminfo:
MemTotal:        1718608 kB
MemFree:          100388 kB
Buffers:            8032 kB
Cached:            76036 kB
SwapCached:            0 kB
Active:          1514344 kB
Inactive:          21672 kB
Active(anon):    1452068 kB
Inactive(anon):      296 kB
Active(file):      62276 kB
Inactive(file):    21376 kB
Unevictable:           0 kB
Mlocked:               0 kB
SwapTotal:             0 kB
SwapFree:              0 kB
Dirty:               156 kB
Writeback:             0 kB
AnonPages:       1451988 kB
Mapped:            18244 kB
Shmem:               376 kB
Slab:              41564 kB
SReclaimable:      26600 kB
SUnreclaim:        14964 kB
KernelStack:        2576 kB
PageTables:         6004 kB
NFS_Unstable:          0 kB
Bounce:                0 kB
WritebackTmp:          0 kB
CommitLimit:      859304 kB
Committed_AS:    1469784 kB
VmallocTotal:   34359738367 kB
VmallocUsed:       27628 kB
VmallocChunk:   34359703160 kB
HardwareCorrupted:     0 kB
AnonHugePages:   1042432 kB
HugePages_Total:       0
HugePages_Free:        0
HugePages_Rsvd:        0
HugePages_Surp:        0
Hugepagesize:       2048 kB
DirectMap4k:       34752 kB
DirectMap2M:     1800192 kB


CPU:total 1 (1 cores per cpu, 1 threads per core) family 16 model 8 stepping 1, cmov, cx8, fxsr, mmx, sse, sse2, sse3, popcnt, mmxext, 3dnowpref, lzcnt, sse4a, tsc

/proc/cpuinfo:
processor	: 0
vendor_id	: AuthenticAMD
cpu family	: 16
model		: 8
model name	: AMD Opteron(tm) Processor 4171 HE
stepping	: 1
microcode	: 0xffffffff
cpu MHz		: 2094.671
cache size	: 512 KB
physical id	: 0
siblings	: 1
core id		: 0
cpu cores	: 1
apicid		: 0
initial apicid	: 0
fpu		: yes
fpu_exception	: yes
cpuid level	: 5
wp		: yes
flags		: fpu vme de pse tsc msr pae mce cx8 apic sep mtrr pge mca cmov pat pse36 clflush mmx fxsr sse sse2 syscall nx mmxext fxsr_opt lm 3dnowext 3dnow rep_good nopl extd_apicid pni cx16 popcnt hypervisor lahf_lm cmp_legacy cr8_legacy abm sse4a misalignsse 3dnowprefetch osvw
bogomips	: 4189.34
TLB size	: 1024 4K pages
clflush size	: 64
cache_alignment	: 64
address sizes	: 42 bits physical, 48 bits virtual
power management:



Memory: 4k page, physical 1718608k(100264k free), swap 0k(0k free)

vm_info: OpenJDK 64-Bit Server VM (24.65-b04) for linux-amd64 JRE (1.7.0_65-b32), built on Sep 10 2014 05:56:05 by "buildd" with gcc 4.8.2

time: Sat Oct  4 07:00:16 2014
elapsed time: 76 seconds

