[01:12:27] [Server thread/INFO]: Starting minecraft server version 1.7.10
[01:12:27] [Server thread/INFO]: Loading properties
[01:12:27] [Server thread/INFO]: Default game type: SURVIVAL
[01:12:27] [Server thread/INFO]: This server is running CraftBukkit version git-Spigot-1649 (MC: 1.7.10) (Implementing API version 1.7.10-R0.1-SNAPSHOT)
[01:12:28] [Server thread/INFO]: Using 4 threads for Netty based IO
[01:12:28] [Server thread/INFO]: Server Ping Player Sample Count: 12
[01:12:28] [Server thread/INFO]: Debug logging is disabled
[01:12:28] [Server thread/INFO]: Generating keypair
[01:12:28] [Server thread/INFO]: Starting Minecraft server on *:25565
[01:12:30] [Server thread/INFO]: Set PluginClassLoader as parallel capable
[01:12:31] [Server thread/INFO]: [Bending] Loading Bending v1.1.0
[01:12:31] [Server thread/INFO]: [WorldEdit] Loading WorldEdit v5.6.3
[01:12:31] [Server thread/INFO]: [ChopTree2] Loading ChopTree2 v2.3.0
[01:12:31] [Server thread/INFO]: [MassiveCore] Loading MassiveCore v7.4.0
[01:12:31] [Server thread/INFO]: [ColoredSigns] Loading ColoredSigns v4.00 Release
[01:12:31] [Server thread/INFO]: [Carbon] Loading Carbon v1.5
[01:12:31] [Server thread/INFO]: [Carbon] Modifying world generation...
[01:12:31] [Server thread/INFO]: [Carbon] Injected Carbon.injector().stoneBlock into Blocks.STONE
[01:12:31] [Server thread/INFO]: [Carbon] Injected Carbon.injector().spongeBlock into Blocks.SPONGE
[01:12:31] [Server thread/INFO]: [Carbon] Done with world generation editing.
[01:12:31] [Server thread/INFO]: Carbon has finished injecting all 1.8 functionalities.
[01:12:31] [Server thread/INFO]: [ClearLag] Loading ClearLag v2.7.2
[01:12:31] [Server thread/INFO]: [mcMMO] Loading mcMMO v1.5.00-b3547
[01:12:31] [Server thread/INFO]: [BloodMoon] Loading BloodMoon v0.23.1
[01:12:31] [Server thread/INFO]: [Essentials] Loading Essentials v2.13.1
[01:12:31] [Server thread/INFO]: [EssentialsProtect] Loading EssentialsProtect v2.13.1
[01:12:31] [Server thread/INFO]: [EssentialsSpawn] Loading EssentialsSpawn v2.13.1
[01:12:31] [Server thread/INFO]: [CreativeGates] Loading CreativeGates v2.6.1
[01:12:31] [Server thread/INFO]: [EssentialsChat] Loading EssentialsChat v2.13.1
[01:12:31] [Server thread/INFO]: [ScoreboardStats] Loading ScoreboardStats v0.8.3
[01:12:31] [Server thread/INFO]: [EssentialsAntiBuild] Loading EssentialsAntiBuild v2.13.1
[01:12:32] [Server thread/INFO]: [MassiveCore] Enabling MassiveCore v7.4.0
[01:12:32] [Server thread/INFO]: [0;36;22m[[0;36;1mMassiveCore 7.4.0[0;36;22m] [0;33;1m=== ENABLE START ===[m
[01:12:32] [Server thread/INFO]: [0;36;22m[[0;36;1mMassiveCore 7.4.0[0;36;22m] [0;33;1m[0;33;1mLoading Playerdat datas...[m
[01:12:32] [Server thread/INFO]: [0;36;22m[[0;36;1mMassiveCore 7.4.0[0;36;22m] [0;33;1m[0;33;1mLoading Cachefile datas...[m
[01:12:32] [Server thread/INFO]: [0;36;22m[[0;36;1mMassiveCore 7.4.0[0;36;22m] [0;33;1m[0;33;1mLoading Onlineplayer datas...[m
[01:12:32] [Server thread/INFO]: [0;36;22m[[0;36;1mMassiveCore 7.4.0[0;36;22m] [0;33;1m[0;33;1mLoading Registry datas...[m
[01:12:32] [Server thread/INFO]: [0;36;22m[[0;36;1mMassiveCore 7.4.0[0;36;22m] [0;33;1m[0;33;1mLoading Dbmojangapi datas...[m
[01:12:32] [Server thread/INFO]: [0;36;22m[[0;36;1mMassiveCore 7.4.0[0;36;22m] [0;33;1m[0;36;1mPlayer Strings Found: [0;35;1m0[m
[01:12:32] [Server thread/INFO]: [0;36;22m[[0;36;1mMassiveCore 7.4.0[0;36;22m] [0;33;1m[0;36;1mPlayer Strings Cached: [0;35;1m0[m
[01:12:32] [Server thread/INFO]: [0;36;22m[[0;36;1mMassiveCore 7.4.0[0;36;22m] [0;33;1m[0;36;1mPlayer Strings Remaining: [0;35;1m0[m
[01:12:32] [Server thread/INFO]: [0;36;22m[[0;36;1mMassiveCore 7.4.0[0;36;22m] [0;33;1m[0;33;1mNow fetching the remaining players from Mojang API ...[m
[01:12:32] [Server thread/INFO]: [0;36;22m[[0;36;1mMassiveCore 7.4.0[0;36;22m] [0;33;1m[0;33;1m ... done![m
[01:12:32] [Server thread/INFO]: [0;36;22m[[0;36;1mMassiveCore 7.4.0[0;36;22m] [0;33;1m[0;33;1mSaving Cachefile...[m
[01:12:32] [Server thread/INFO]: [0;36;22m[[0;36;1mMassiveCore 7.4.0[0;36;22m] [0;33;1m[0;33;1mSetup of IdUtil took [0;35;1m153[0;33;1mms.[m
[01:12:32] [Server thread/INFO]: [0;36;22m[[0;36;1mMassiveCore 7.4.0[0;36;22m] [0;33;1m=== ENABLE [0;32;1mCOMPLETE [0;33;1m(Took [0;35;1m384ms[0;33;1m) ===[m
[01:12:32] [Server thread/INFO]: [mcMMO] Enabling mcMMO v1.5.00-b3547
[01:12:39] [Server thread/INFO]: [BloodMoon] Enabling BloodMoon v0.23.1
[01:12:39] [Server thread/ERROR]: Error occurred while enabling BloodMoon v0.23.1 (Is it up to date?)
java.lang.NoClassDefFoundError: net/minecraft/server/v1_4_R1/EntityCreeper
	at uk.co.jacekk.bukkit.bloodmoon.entity.BloodMoonEntityType.<clinit>(BloodMoonEntityType.java:13) ~[?:?]
	at uk.co.jacekk.bukkit.bloodmoon.BloodMoon.onEnable(BloodMoon.java:55) ~[?:?]
	at org.bukkit.plugin.java.JavaPlugin.setEnabled(JavaPlugin.java:316) ~[spigot-1649.jar:git-Spigot-1649]
	at org.bukkit.plugin.java.JavaPluginLoader.enablePlugin(JavaPluginLoader.java:332) [spigot-1649.jar:git-Spigot-1649]
	at org.bukkit.plugin.SimplePluginManager.enablePlugin(SimplePluginManager.java:417) [spigot-1649.jar:git-Spigot-1649]
	at org.bukkit.craftbukkit.v1_7_R4.CraftServer.loadPlugin(CraftServer.java:476) [spigot-1649.jar:git-Spigot-1649]
	at org.bukkit.craftbukkit.v1_7_R4.CraftServer.enablePlugins(CraftServer.java:394) [spigot-1649.jar:git-Spigot-1649]
	at net.minecraft.server.v1_7_R4.DedicatedServer.init(DedicatedServer.java:153) [spigot-1649.jar:git-Spigot-1649]
	at net.minecraft.server.v1_7_R4.MinecraftServer.run(MinecraftServer.java:458) [spigot-1649.jar:git-Spigot-1649]
	at net.minecraft.server.v1_7_R4.ThreadServerApplication.run(SourceFile:628) [spigot-1649.jar:git-Spigot-1649]
Caused by: java.lang.ClassNotFoundException: net.minecraft.server.v1_4_R1.EntityCreeper
	at org.bukkit.plugin.java.PluginClassLoader.findClass(PluginClassLoader.java:91) ~[spigot-1649.jar:git-Spigot-1649]
	at org.bukkit.plugin.java.PluginClassLoader.findClass(PluginClassLoader.java:86) ~[spigot-1649.jar:git-Spigot-1649]
	at java.lang.ClassLoader.loadClass(ClassLoader.java:425) ~[?:1.7.0_65]
	at java.lang.ClassLoader.loadClass(ClassLoader.java:358) ~[?:1.7.0_65]
	... 10 more
[01:12:39] [Server thread/INFO]: **** Beginning UUID conversion, this may take A LONG time ****
[01:12:39] [Server thread/INFO]: Preparing level "worlds/bravenewworld"
[01:12:39] [Server thread/INFO]: -------- World Settings For [worlds/bravenewworld] --------
[01:12:39] [Server thread/INFO]: Anti X-Ray: true
[01:12:39] [Server thread/INFO]: 	Engine Mode: 1
[01:12:39] [Server thread/INFO]: 	Hidden Blocks: [14, 15, 16, 21, 48, 49, 54, 56, 73, 74, 82, 129, 130]
[01:12:39] [Server thread/INFO]: 	Replace Blocks: [1, 5]
[01:12:39] [Server thread/INFO]: Mob Spawn Range: 4
[01:12:39] [Server thread/INFO]: Nerfing mobs spawned from spawners: false
[01:12:39] [Server thread/INFO]: Cactus Growth Modifier: 100%
[01:12:39] [Server thread/INFO]: Cane Growth Modifier: 100%
[01:12:39] [Server thread/INFO]: Melon Growth Modifier: 100%
[01:12:39] [Server thread/INFO]: Mushroom Growth Modifier: 100%
[01:12:39] [Server thread/INFO]: Pumpkin Growth Modifier: 100%
[01:12:39] [Server thread/INFO]: Sapling Growth Modifier: 100%
[01:12:39] [Server thread/INFO]: Wheat Growth Modifier: 100%
[01:12:39] [Server thread/INFO]: Entity Activation Range: An 32 / Mo 32 / Mi 16
[01:12:39] [Server thread/INFO]: Entity Tracking Range: Pl 48 / An 48 / Mo 48 / Mi 32 / Other 64
[01:12:39] [Server thread/INFO]: Alternative Hopper Ticking: false
[01:12:39] [Server thread/INFO]: Hopper Transfer: 8 Hopper Check: 8 Hopper Amount: 1
[01:12:39] [Server thread/INFO]: Random Lighting Updates: false
[01:12:39] [Server thread/INFO]: Structure Info Saving: true
[01:12:39] [Server thread/INFO]: Sending up to 5 chunks per packet
[01:12:39] [Server thread/INFO]: Max Entity Collisions: 8
[01:12:39] [Server thread/INFO]: Custom Map Seeds:  Village: 10387312 Feature: 14357617
[01:12:39] [Server thread/INFO]: Max TNT Explosions: 100
[01:12:39] [Server thread/INFO]: Item Despawn Rate: 6000
[01:12:39] [Server thread/INFO]: Item Merge Radius: 2.5
[01:12:39] [Server thread/INFO]: View Distance: 10
[01:12:39] [Server thread/INFO]: Chunks to Grow per Tick: 650
[01:12:39] [Server thread/INFO]: Clear tick list: false
[01:12:39] [Server thread/INFO]: Experience Merge Radius: 3.0
[01:12:39] [Server thread/INFO]: Arrow Despawn Rate: 1200
[01:12:39] [Server thread/INFO]: Allow Zombie Pigmen to spawn from portal blocks: true
[01:12:39] [Server thread/INFO]: Zombie Aggressive Towards Villager: true
[01:12:39] [Server thread/INFO]: -------- World Settings For [worlds/bravenewworld_nether] --------
[01:12:39] [Server thread/INFO]: Anti X-Ray: true
[01:12:39] [Server thread/INFO]: 	Engine Mode: 1
[01:12:39] [Server thread/INFO]: 	Hidden Blocks: [14, 15, 16, 21, 48, 49, 54, 56, 73, 74, 82, 129, 130]
[01:12:39] [Server thread/INFO]: 	Replace Blocks: [1, 5]
[01:12:39] [Server thread/INFO]: Mob Spawn Range: 4
[01:12:39] [Server thread/INFO]: Nerfing mobs spawned from spawners: false
[01:12:39] [Server thread/INFO]: Cactus Growth Modifier: 100%
[01:12:39] [Server thread/INFO]: Cane Growth Modifier: 100%
[01:12:39] [Server thread/INFO]: Melon Growth Modifier: 100%
[01:12:39] [Server thread/INFO]: Mushroom Growth Modifier: 100%
[01:12:39] [Server thread/INFO]: Pumpkin Growth Modifier: 100%
[01:12:39] [Server thread/INFO]: Sapling Growth Modifier: 100%
[01:12:39] [Server thread/INFO]: Wheat Growth Modifier: 100%
[01:12:39] [Server thread/INFO]: Entity Activation Range: An 32 / Mo 32 / Mi 16
[01:12:39] [Server thread/INFO]: Entity Tracking Range: Pl 48 / An 48 / Mo 48 / Mi 32 / Other 64
[01:12:39] [Server thread/INFO]: Alternative Hopper Ticking: false
[01:12:39] [Server thread/INFO]: Hopper Transfer: 8 Hopper Check: 8 Hopper Amount: 1
[01:12:39] [Server thread/INFO]: Random Lighting Updates: false
[01:12:39] [Server thread/INFO]: Structure Info Saving: true
[01:12:39] [Server thread/INFO]: Sending up to 5 chunks per packet
[01:12:39] [Server thread/INFO]: Max Entity Collisions: 8
[01:12:39] [Server thread/INFO]: Custom Map Seeds:  Village: 10387312 Feature: 14357617
[01:12:39] [Server thread/INFO]: Max TNT Explosions: 100
[01:12:39] [Server thread/INFO]: Item Despawn Rate: 6000
[01:12:39] [Server thread/INFO]: Item Merge Radius: 2.5
[01:12:39] [Server thread/INFO]: View Distance: 10
[01:12:39] [Server thread/INFO]: Chunks to Grow per Tick: 650
[01:12:39] [Server thread/INFO]: Clear tick list: false
[01:12:39] [Server thread/INFO]: Experience Merge Radius: 3.0
[01:12:39] [Server thread/INFO]: Arrow Despawn Rate: 1200
[01:12:39] [Server thread/INFO]: Allow Zombie Pigmen to spawn from portal blocks: true
[01:12:39] [Server thread/INFO]: Zombie Aggressive Towards Villager: true
[01:12:39] [Server thread/INFO]: -------- World Settings For [worlds/bravenewworld_the_end] --------
[01:12:39] [Server thread/INFO]: Anti X-Ray: true
[01:12:39] [Server thread/INFO]: 	Engine Mode: 1
[01:12:39] [Server thread/INFO]: 	Hidden Blocks: [14, 15, 16, 21, 48, 49, 54, 56, 73, 74, 82, 129, 130]
[01:12:39] [Server thread/INFO]: 	Replace Blocks: [1, 5]
[01:12:39] [Server thread/INFO]: Mob Spawn Range: 4
[01:12:39] [Server thread/INFO]: Nerfing mobs spawned from spawners: false
[01:12:39] [Server thread/INFO]: Cactus Growth Modifier: 100%
[01:12:39] [Server thread/INFO]: Cane Growth Modifier: 100%
[01:12:39] [Server thread/INFO]: Melon Growth Modifier: 100%
[01:12:39] [Server thread/INFO]: Mushroom Growth Modifier: 100%
[01:12:39] [Server thread/INFO]: Pumpkin Growth Modifier: 100%
[01:12:39] [Server thread/INFO]: Sapling Growth Modifier: 100%
[01:12:39] [Server thread/INFO]: Wheat Growth Modifier: 100%
[01:12:39] [Server thread/INFO]: Entity Activation Range: An 32 / Mo 32 / Mi 16
[01:12:39] [Server thread/INFO]: Entity Tracking Range: Pl 48 / An 48 / Mo 48 / Mi 32 / Other 64
[01:12:39] [Server thread/INFO]: Alternative Hopper Ticking: false
[01:12:39] [Server thread/INFO]: Hopper Transfer: 8 Hopper Check: 8 Hopper Amount: 1
[01:12:39] [Server thread/INFO]: Random Lighting Updates: false
[01:12:39] [Server thread/INFO]: Structure Info Saving: true
[01:12:39] [Server thread/INFO]: Sending up to 5 chunks per packet
[01:12:39] [Server thread/INFO]: Max Entity Collisions: 8
[01:12:39] [Server thread/INFO]: Custom Map Seeds:  Village: 10387312 Feature: 14357617
[01:12:39] [Server thread/INFO]: Max TNT Explosions: 100
[01:12:39] [Server thread/INFO]: Item Despawn Rate: 6000
[01:12:39] [Server thread/INFO]: Item Merge Radius: 2.5
[01:12:39] [Server thread/INFO]: View Distance: 10
[01:12:39] [Server thread/INFO]: Chunks to Grow per Tick: 650
[01:12:39] [Server thread/INFO]: Clear tick list: false
[01:12:39] [Server thread/INFO]: Experience Merge Radius: 3.0
[01:12:39] [Server thread/INFO]: Arrow Despawn Rate: 1200
[01:12:39] [Server thread/INFO]: Allow Zombie Pigmen to spawn from portal blocks: true
[01:12:39] [Server thread/INFO]: Zombie Aggressive Towards Villager: true
[01:12:39] [Server thread/INFO]: Preparing start region for level 0 (Seed: 7022332759775054181)
[01:12:40] [Server thread/INFO]: Preparing spawn area: 16%
[01:12:41] [Server thread/INFO]: Preparing spawn area: 61%
[01:12:42] [Server thread/INFO]: Preparing start region for level 1 (Seed: 7022332759775054181)
[01:12:43] [Server thread/INFO]: Preparing start region for level 2 (Seed: 7022332759775054181)
[01:12:43] [Server thread/INFO]: [Bending] Enabling Bending v1.1.0
[01:12:44] [Server thread/INFO]: [Bending] Bending v1.1.0 has been loaded.
[01:12:44] [Server thread/INFO]: Bending is sending data for Plugin Metrics.
[01:12:44] [Server thread/INFO]: [WorldEdit] Enabling WorldEdit v5.6.3
[01:12:44] [Server thread/INFO]: WEPIF: Using the Bukkit Permissions API.
[01:12:44] [Server thread/INFO]: [ChopTree2] Enabling ChopTree2 v2.3.0
[01:12:44] [Server thread/INFO]: [ColoredSigns] Enabling ColoredSigns v4.00 Release
[01:12:44] [Server thread/INFO]: [ColoredSigns] ColoredSigns v4.00 Release has been enabled.
[01:12:44] [Server thread/INFO]: [Carbon] Enabling Carbon v1.5
[01:12:44] [Server thread/INFO]: [Carbon] Carbon is enabled.
[01:12:44] [Server thread/INFO]: [ClearLag] Enabling ClearLag v2.7.2
[01:12:44] [Server thread/INFO]: [ClearLag] Loading modules...
[01:12:44] [Server thread/INFO]: [ClearLag] Modules have been loaded!
[01:12:44] [Server thread/INFO]: [ClearLag] Clearlag is now enabled!
[01:12:44] [Thread-11/INFO]: [ClearLag] Checking for updates...
[01:12:44] [Server thread/INFO]: [Essentials] Enabling Essentials v2.13.1
[01:12:44] [Server thread/INFO]: Bukkit version format changed. Version not checked.
[01:12:44] [Server thread/INFO]: git-Spigot-1649 (MC: 1.7.10)
[01:12:44] [Server thread/INFO]: 1.7.10-R0.1-SNAPSHOT
[01:12:45] [Thread-11/INFO]: [ClearLag] No updates found!
[01:12:45] [Server thread/INFO]: Essentials: Using config file enhanced permissions.
[01:12:45] [Server thread/INFO]: Permissions listed in as player-commands will be given to all users.
[01:12:45] [Server thread/INFO]: [EssentialsProtect] Enabling EssentialsProtect v2.13.1
[01:12:45] [Server thread/INFO]: [EssentialsSpawn] Enabling EssentialsSpawn v2.13.1
[01:12:45] [Server thread/INFO]: [CreativeGates] Enabling CreativeGates v2.6.1
[01:12:45] [Server thread/INFO]: [0;36;22m[[0;36;1mCreativeGates 2.6.1[0;36;22m] [0;33;1m=== ENABLE START ===[m
[01:12:45] [Server thread/INFO]: [0;36;22m[[0;36;1mCreativeGates 2.6.1[0;36;22m] [0;33;1m=== ENABLE [0;32;1mCOMPLETE [0;33;1m(Took [0;35;1m61ms[0;33;1m) ===[m
[01:12:45] [Server thread/INFO]: [EssentialsChat] Enabling EssentialsChat v2.13.1
[01:12:45] [Server thread/INFO]: [ScoreboardStats] Enabling ScoreboardStats v0.8.3
[01:12:45] [Server thread/INFO]: Registered replacers: [PlayerPingVariable, McmmoVariables, GeneralVariables, StatsVariables]
[01:12:45] [Server thread/INFO]: [EssentialsAntiBuild] Enabling EssentialsAntiBuild v2.13.1
[01:12:45] [Server thread/INFO]: Server permissions file permissions.yml is empty, ignoring it
[01:12:46] [Server thread/INFO]: Done (7.290s)! For help, type "help" or "?"
[01:12:46] [Server thread/INFO]: [0;36;22m[[0;36;1mMassiveCore 7.4.0[0;36;22m] [0;33;1m[0;33;22m============================================[m
[01:12:46] [Server thread/INFO]: [0;36;22m[[0;36;1mMassiveCore 7.4.0[0;36;22m] [0;33;1m[0;33;1mWe are preparing for Mojangs switch to UUIDs.[m
[01:12:46] [Server thread/INFO]: [0;36;22m[[0;36;1mMassiveCore 7.4.0[0;36;22m] [0;33;1m[0;33;1mLearn more at: [0;36;1mhttps://forums.bukkit.org/threads/psa-the-switch-to-uuids-potential-plugin-server-breakage.250915/[m
[01:12:46] [Server thread/INFO]: [0;36;22m[[0;36;1mMassiveCore 7.4.0[0;36;22m] [0;33;1m[0;33;1mLoading Playerdat datas...[m
[01:12:46] [Server thread/INFO]: [0;36;22m[[0;36;1mMassiveCore 7.4.0[0;36;22m] [0;33;1m[0;33;1mLoading Cachefile datas...[m
[01:12:46] [Server thread/INFO]: [0;36;22m[[0;36;1mMassiveCore 7.4.0[0;36;22m] [0;33;1m[0;33;1mLoading Onlineplayer datas...[m
[01:12:46] [Server thread/INFO]: [0;36;22m[[0;36;1mMassiveCore 7.4.0[0;36;22m] [0;33;1m[0;33;1mLoading Registry datas...[m
[01:12:46] [Server thread/INFO]: [0;36;22m[[0;36;1mMassiveCore 7.4.0[0;36;22m] [0;33;1m[0;33;1mLoading Dbmojangapi datas...[m
[01:12:46] [Server thread/INFO]: [0;36;22m[[0;36;1mMassiveCore 7.4.0[0;36;22m] [0;33;1m[0;36;1mPlayer Strings Found: [0;35;1m0[m
[01:12:46] [Server thread/INFO]: [0;36;22m[[0;36;1mMassiveCore 7.4.0[0;36;22m] [0;33;1m[0;36;1mPlayer Strings Cached: [0;35;1m0[m
[01:12:46] [Server thread/INFO]: [0;36;22m[[0;36;1mMassiveCore 7.4.0[0;36;22m] [0;33;1m[0;36;1mPlayer Strings Remaining: [0;35;1m0[m
[01:12:46] [Server thread/INFO]: [0;36;22m[[0;36;1mMassiveCore 7.4.0[0;36;22m] [0;33;1m[0;33;1mNow fetching the remaining players from Mojang API ...[m
[01:12:46] [Server thread/INFO]: [0;36;22m[[0;36;1mMassiveCore 7.4.0[0;36;22m] [0;33;1m[0;33;1m ... done![m
[01:12:46] [Server thread/INFO]: [0;36;22m[[0;36;1mMassiveCore 7.4.0[0;36;22m] [0;33;1m[0;33;1mSaving Cachefile...[m
[01:12:46] [Server thread/INFO]: [0;36;22m[[0;36;1mMassiveCore 7.4.0[0;36;22m] [0;33;1m[0;33;1mNow updating database for plugins that are ready ...[m
[01:12:46] [Server thread/INFO]: [0;36;22m[[0;36;1mMassiveCore 7.4.0[0;36;22m] [0;33;1m[0;32;1m ... done![m
[01:12:46] [Server thread/INFO]: [0;36;22m[[0;36;1mMassiveCore 7.4.0[0;36;22m] [0;33;1m[0;33;1m(database saving will now commence which might lock the server for a while)[m
[01:12:46] [Server thread/INFO]: [0;36;22m[[0;36;1mMassiveCore 7.4.0[0;36;22m] [0;33;1m[0;33;22m============================================[m
[01:12:48] [User Authenticator #1/INFO]: UUID of player Chani is 9625841f-6332-495c-ad91-0505c6d81186
[01:12:48] [User Authenticator #2/INFO]: UUID of player aygtets is 603f43a3-0e11-4e48-b2d7-744c75ed102e
[01:12:56] [Server thread/INFO]: Chani[/98.210.147.109:17456] logged in with entity id 174 at ([worlds/bravenewworld] 48.940070833997446, 92.0, 708.363707375685)
[01:12:56] [Server thread/INFO]: aygtets[/50.131.225.116:56388] logged in with entity id 175 at ([worlds/bravenewworld] -352.34029924728725, 75.0, 2690.699999988079)
[01:12:56] [Server thread/INFO]: Trapped in a welcome message; send help.[m
[01:12:56] [Server thread/INFO]: Trapped in a welcome message; send help.[m
[01:13:02] [Server thread/INFO]: [WorldEdit] Using external NmsBlock for this version: CBXNmsBlock_1710
[01:13:07] [Async Chat Thread - #0/INFO]: <[0;32;1m~EarthFuckerAria[m[0;37;1m> weee[m
[01:13:08] [Server thread/INFO]: [ScoreboardStats] Couldnt replace variable with name: %money% Maybe you misspelled it or the replacer isnt available yet
[01:13:54] [Server thread/INFO]: Chani lost connection: Disconnected
[01:13:54] [Server thread/INFO]: GOODBYE FOREVER
[01:13:58] [User Authenticator #3/INFO]: UUID of player Chani is 9625841f-6332-495c-ad91-0505c6d81186
[01:13:58] [Server thread/INFO]: Chani[/98.210.147.109:17520] logged in with entity id 491 at ([worlds/bravenewworld_nether] 15.36325894113005, 81.0, 95.30223394572813)
[01:13:58] [Server thread/INFO]: Trapped in a welcome message; send help.[m
[01:14:09] [Async Chat Thread - #1/INFO]: <[0;37;22maygtets[m[0;37;1m> hmmmmm?[m
[01:14:17] [Async Chat Thread - #1/INFO]: <[0;32;1m~EarthFuckerAria[m[0;37;1m> I wanted to be able to bend netherrack[m
[01:14:35] [Async Chat Thread - #1/INFO]: <[0;32;1m~EarthFuckerAria[m[0;37;1m> LOOKS LIKE DIRT TO ME[m
[01:14:38] [Async Chat Thread - #1/INFO]: <[0;32;1m~EarthFuckerAria[m[0;37;1m> meaty dirt...[m
[01:14:53] [Async Chat Thread - #1/INFO]: <[0;37;22maygtets[m[0;37;1m> I hope these villagers wanna fuck[m
[01:14:56] [Async Chat Thread - #1/INFO]: <[0;37;22maygtets[m[0;37;1m> oh yay![m
[01:15:12] [Async Chat Thread - #1/INFO]: <[0;32;1m~EarthFuckerAria[m[0;37;1m> how couldn't they? those noses are so sexy[m
[01:15:26] [Async Chat Thread - #1/INFO]: <[0;37;22maygtets[m[0;37;1m> this pack they ain't got them noses[m
[01:15:45] [Async Chat Thread - #1/INFO]: <[0;32;1m~EarthFuckerAria[m[0;37;1m> oh no![m
[01:15:48] [Async Chat Thread - #1/INFO]: <[0;32;1m~EarthFuckerAria[m[0;37;1m> that must be why[m
[01:15:49] [User Authenticator #4/INFO]: UUID of player Chexala is 232f5f76-3c82-4ff0-b524-24ab40bf7f63
[01:15:49] [Server thread/INFO]: Chexala[/50.1.102.195:52720] logged in with entity id 1208 at ([worlds/bravenewworld] -747.5, 62.0, -253.5)
[01:15:49] [Server thread/INFO]: Trapped in a welcome message; send help.[m
[01:15:56] [Async Chat Thread - #1/INFO]: <[0;32;1m~EarthFuckerAria[m[0;37;1m> HALLO[m
[01:16:09] [Async Chat Thread - #1/INFO]: <[0;36;1mChexala[m[0;37;1m> ohai thar[m
[01:16:22] [Async Chat Thread - #1/INFO]: <[0;37;22maygtets[m[0;37;1m> hi hi! I don't get a thing that tells me people are on![m
[01:16:27] [Async Chat Thread - #1/INFO]: <[0;32;1m~EarthFuckerAria[m[0;37;1m> me neither[m
[01:16:31] [Async Chat Thread - #1/INFO]: <[0;32;1m~EarthFuckerAria[m[0;37;1m> just the welcome message[m
[01:16:35] [Server thread/INFO]: aygtets issued server command: /bending bind airscooter 2
[01:17:22] [Async Chat Thread - #1/INFO]: <[0;36;1mChexala[m[0;37;1m> well, I just popped in to say hi, can't stay[m
[01:17:26] [Async Chat Thread - #1/INFO]: <[0;32;1m~EarthFuckerAria[m[0;37;1m> aww[m
[01:17:28] [Async Chat Thread - #1/INFO]: <[0;32;1m~EarthFuckerAria[m[0;37;1m> hi mollyyy[m
[01:17:39] [Server thread/INFO]: aygtets issued server command: /spawn
[01:17:43] [Async Chat Thread - #1/INFO]: <[0;37;22maygtets[m[0;37;1m> hi mollyy![m
[01:18:45] [Async Chat Thread - #2/INFO]: <[0;37;22maygtets[m[0;37;1m> oh airbender powers, how I missed thee[m
[01:19:59] [Server thread/INFO]: Chani issued server command: /plugins
[01:20:02] [Server thread/INFO]: [0;31;22m[ClearLag] [0;31;1mWarning Ground items will be removed in [0;37;22m60 [0;31;1mseconds![m
[01:20:24] [Server thread/INFO]: Chani issued server command: /plugins massivecore
[01:20:28] [Server thread/INFO]: Chani issued server command: /mc
[01:20:36] [Async Chat Thread - #3/INFO]: <[0;37;22maygtets[m[0;37;1m> I feel like I can finally start building again[m
[01:20:43] [Server thread/INFO]: [0;31;22m[ClearLag] [0;31;1mWarning Ground items will be removed in [0;37;22m20 [0;31;1mseconds![m
[01:21:04] [Server thread/INFO]: [0;33;22m[ClearLag] [0;32;1mRemoved 4 Entities![m
[01:21:09] [Server thread/INFO]: aygtets issued server command: /bending bind airswipe 3
[01:21:13] [Async Chat Thread - #3/INFO]: <[0;32;1m~EarthFuckerAria[m[0;37;1m> i think i'm gonna try the dm thing, so there's stuff to do[m
[01:21:25] [Async Chat Thread - #3/INFO]: <[0;32;1m~EarthFuckerAria[m[0;37;1m> i need to learn more about avatar for ideas[m
[01:21:38] [Async Chat Thread - #3/INFO]: <[0;37;22maygtets[m[0;37;1m> also, I'm only gonna use three powers. Because having all 9 at once is ridiculous[m
[01:21:50] [Async Chat Thread - #3/INFO]: <[0;37;22maygtets[m[0;37;1m> so like, fly, move fast, and attack[m
[01:22:01] [Async Chat Thread - #3/INFO]: <[0;32;1m~EarthFuckerAria[m[0;37;1m> yeah, i have to keep my item bar basically empty[m
[01:22:54] [Async Chat Thread - #3/INFO]: <[0;32;1m~EarthFuckerAria[m[0;37;1m> have any of the avatars been evil[m
[01:23:11] [Async Chat Thread - #3/INFO]: <[0;37;22maygtets[m[0;37;1m> not that I know of[m
[01:23:24] [Async Chat Thread - #3/INFO]: <[0;37;22maygtets[m[0;37;1m> Molly are you listening?[m
[01:23:27] [Async Chat Thread - #3/INFO]: <[0;36;1mChexala[m[0;37;1m> i am[m
[01:23:31] [Async Chat Thread - #3/INFO]: <[0;37;22maygtets[m[0;37;1m> cuz possible spoilers[m
[01:23:34] [Async Chat Thread - #3/INFO]: <[0;37;22maygtets[m[0;37;1m> how far are you?[m
[01:23:40] [Async Chat Thread - #3/INFO]: <[0;36;1mChexala[m[0;37;1m> middle of season 2[m
[01:23:48] [Async Chat Thread - #3/INFO]: <[0;37;22maygtets[m[0;37;1m> ah, okay.[m
[01:23:53] [Async Chat Thread - #3/INFO]: <[0;36;1mChexala[m[0;37;1m> haven't watched since the last thing we watched together[m
[01:23:55] [Server thread/INFO]: Chani issued server command: /spawn
[01:24:17] [Async Chat Thread - #3/INFO]: <[0;36;1mChexala[m[0;37;1m> i gotta hop off anyway, so carry on[m
[01:24:19] [Async Chat Thread - #3/INFO]: <[0;36;1mChexala[m[0;37;1m> laters[m
[01:24:26] [Async Chat Thread - #3/INFO]: <[0;37;22maygtets[m[0;37;1m> oh, just moving to chat[m
[01:24:32] [Async Chat Thread - #3/INFO]: <[0;37;22maygtets[m[0;37;1m> but okay! Bye molly![m
[01:24:37] [Server thread/INFO]: Chexala lost connection: Disconnected
[01:24:37] [Server thread/INFO]: GOODBYE FOREVER
[01:24:53] [Async Chat Thread - #3/INFO]: <[0;37;22maygtets[m[0;37;1m> okay! So there is a dark avatar[m
[01:28:06] [Server thread/INFO]: [0;31;22m[ClearLag] [0;31;1mWarning Ground items will be removed in [0;37;22m60 [0;31;1mseconds![m
[01:28:47] [Server thread/INFO]: [0;31;22m[ClearLag] [0;31;1mWarning Ground items will be removed in [0;37;22m20 [0;31;1mseconds![m
[01:29:08] [Server thread/INFO]: [0;33;22m[ClearLag] [0;32;1mRemoved 6 Entities![m
[01:32:05] [Async Chat Thread - #4/INFO]: <[0;37;22maygtets[m[0;37;1m> that skeleton put you in a box[m
[01:32:13] [Async Chat Thread - #4/INFO]: <[0;32;1m~EarthFuckerAria[m[0;37;1m> THAT ASSHAT[m
[01:36:16] [Server thread/INFO]: [0;31;22m[ClearLag] [0;31;1mWarning Ground items will be removed in [0;37;22m60 [0;31;1mseconds![m
[01:36:58] [Server thread/INFO]: [0;31;22m[ClearLag] [0;31;1mWarning Ground items will be removed in [0;37;22m20 [0;31;1mseconds![m
[01:37:19] [Server thread/INFO]: [0;33;22m[ClearLag] [0;32;1mRemoved 10 Entities![m
[01:39:20] [Async Chat Thread - #5/INFO]: <[0;32;1m~EarthFuckerAria[m[0;37;1m> uweee hehehe[m
[01:39:57] [Server thread/INFO]: aygtets issued server command: /bending display air
[01:40:20] [Server thread/INFO]: aygtets issued server command: /bending bind airshield 4
[01:40:43] [Server thread/WARN]: Chani moved wrongly!
[01:43:01] [Async Chat Thread - #6/INFO]: <[0;32;1m~EarthFuckerAria[m[0;37;1m> let me show you what i always do[m
[01:43:18] [Server thread/WARN]: Chani moved wrongly!
[01:44:02] [Async Chat Thread - #7/INFO]: <[0;32;1m~EarthFuckerAria[m[0;37;1m> YOU DICK[m
[01:44:16] [Server thread/INFO]: aygtets issued server command: /spawn
[01:44:17] [Server thread/INFO]: [0;31;22m[ClearLag] [0;31;1mWarning Ground items will be removed in [0;37;22m60 [0;31;1mseconds![m
[01:44:58] [Async Chat Thread - #7/INFO]: <[0;32;1m~EarthFuckerAria[m[0;37;1m> ohhh what i have in storrreee for youuuu[m
[01:44:59] [Server thread/INFO]: [0;31;22m[ClearLag] [0;31;1mWarning Ground items will be removed in [0;37;22m20 [0;31;1mseconds![m
[01:45:19] [Server thread/INFO]: [0;33;22m[ClearLag] [0;32;1mRemoved 14 Entities![m
[01:45:59] [Async Chat Thread - #8/INFO]: <[0;37;22maygtets[m[0;37;1m> you have 40 diamonds?![m
[01:46:12] [Async Chat Thread - #8/INFO]: <[0;37;22maygtets[m[0;37;1m> what have you been doing?![m
[01:46:23] [Async Chat Thread - #8/INFO]: <[0;32;1m~EarthFuckerAria[m[0;37;1m> i have more than that[m
[01:46:31] [Async Chat Thread - #8/INFO]: <[0;37;22maygtets[m[0;37;1m> I found some sort of secret treasure hole[m
[01:46:35] [Async Chat Thread - #8/INFO]: <[0;32;1m~EarthFuckerAria[m[0;37;1m> it's super easy to find diamonds with earth magic[m
[01:46:37] [Async Chat Thread - #8/INFO]: <[0;37;22maygtets[m[0;37;1m> or only secret cuz it got burried[m
[01:46:39] [Async Chat Thread - #8/INFO]: <[0;37;22maygtets[m[0;37;1m> that's nuts[m
[01:46:43] [Async Chat Thread - #8/INFO]: <[0;37;22maygtets[m[0;37;1m> and super great[m
[01:46:45] [Craft Scheduler Thread - 19/INFO]: [Metrics] Connection timed out
[01:47:14] [Async Chat Thread - #8/INFO]: <[0;37;22maygtets[m[0;37;1m> 45 in these chests alone[m
[01:48:08] [Async Chat Thread - #8/INFO]: <[0;37;22maygtets[m[0;37;1m> oh. DId you destroy your home just now?[m
[01:48:12] [Async Chat Thread - #8/INFO]: <[0;32;1m~EarthFuckerAria[m[0;37;1m> yep[m
[01:48:16] [Async Chat Thread - #8/INFO]: <[0;32;1m~EarthFuckerAria[m[0;37;1m> i've done it like 5 times[m
[01:48:16] [Async Chat Thread - #8/INFO]: <[0;37;22maygtets[m[0;37;1m> I guess I was actually in the remains of it[m
[01:48:24] [Async Chat Thread - #8/INFO]: <[0;37;22maygtets[m[0;37;1m> not a secret room[m
[01:48:27] [Async Chat Thread - #8/INFO]: <[0;32;1m~EarthFuckerAria[m[0;37;1m> alex is home soon, maybe molly will be too, and iiii have plaaaansss for youuuuu[m
[01:48:39] [Async Chat Thread - #8/INFO]: <[0;37;22maygtets[m[0;37;1m> what sorta plans?[m
[01:48:46] [Async Chat Thread - #8/INFO]: <[0;32;1m~EarthFuckerAria[m[0;37;1m> an adventure![m
[01:48:52] [Async Chat Thread - #8/INFO]: <[0;37;22maygtets[m[0;37;1m> yay![m
[01:49:33] [Async Chat Thread - #8/INFO]: <[0;37;22maygtets[m[0;37;1m> haha, the mountain your house is in looks crazy[m
[01:49:41] [Async Chat Thread - #8/INFO]: <[0;32;1m~EarthFuckerAria[m[0;37;1m> lol[m
[01:50:06] [Async Chat Thread - #8/INFO]: <[0;37;22maygtets[m[0;37;1m> from the top it's just entirely random hights[m
[01:51:03] [Async Chat Thread - #8/INFO]: <[0;32;1m~EarthFuckerAria[m[0;37;1m> brb testing something one sec[m
[01:51:04] [Server thread/INFO]: Chani lost connection: Disconnected
[01:51:04] [Server thread/INFO]: GOODBYE FOREVER
[01:52:18] [Server thread/INFO]: [0;31;22m[ClearLag] [0;31;1mWarning Ground items will be removed in [0;37;22m60 [0;31;1mseconds![m
[01:53:01] [Server thread/INFO]: [0;31;22m[ClearLag] [0;31;1mWarning Ground items will be removed in [0;37;22m20 [0;31;1mseconds![m
[01:53:20] [Server thread/INFO]: aygtets lost connection: Disconnected
[01:53:20] [Server thread/INFO]: GOODBYE FOREVER
[01:53:22] [Server thread/INFO]: [0;33;22m[ClearLag] [0;32;1mRemoved 7 Entities![m
[02:00:19] [Server thread/INFO]: [0;31;22m[ClearLag] [0;31;1mWarning Ground items will be removed in [0;37;22m60 [0;31;1mseconds![m
[02:01:01] [Server thread/INFO]: [0;31;22m[ClearLag] [0;31;1mWarning Ground items will be removed in [0;37;22m20 [0;31;1mseconds![m
[02:01:22] [Server thread/INFO]: [0;33;22m[ClearLag] [0;32;1mRemoved 1 Entities![m
[02:03:05] [Thread-4/INFO]: Stopping server
[02:03:05] [Thread-4/INFO]: [EssentialsAntiBuild] Disabling EssentialsAntiBuild v2.13.1
