#
# There is insufficient memory for the Java Runtime Environment to continue.
# Native memory allocation (malloc) failed to allocate 715849728 bytes for committing reserved memory.
# Possible reasons:
#   The system is out of physical RAM or swap space
#   In 32 bit mode, the process size limit was hit
# Possible solutions:
#   Reduce memory load on the system
#   Increase physical memory or swap space
#   Check if swap backing store is full
#   Use 64 bit Java on a 64 bit OS
#   Decrease Java heap size (-Xmx/-Xms)
#   Decrease number of Java threads
#   Decrease Java thread stack sizes (-Xss)
#   Set larger code cache with -XX:ReservedCodeCacheSize=
# This output file may be truncated or incomplete.
#
#  Out of Memory Error (os_linux.cpp:2798), pid=10561, tid=140165381928704
#
# JRE version:  (7.0_65-b32) (build )
# Java VM: OpenJDK 64-Bit Server VM (24.65-b04 mixed mode linux-amd64 compressed oops)
# Derivative: IcedTea 2.5.2
# Distribution: Ubuntu 14.04 LTS, package 7u65-2.5.2-3~14.04
# Failed to write core dump. Core dumps have been disabled. To enable core dumping, try "ulimit -c unlimited" before starting Java again
#

---------------  T H R E A D  ---------------

Current thread (0x00007f7ac400a000):  JavaThread "Unknown thread" [_thread_in_vm, id=10562, stack(0x00007f7acbbcb000,0x00007f7acbccc000)]

Stack: [0x00007f7acbbcb000,0x00007f7acbccc000],  sp=0x00007f7acbcca390,  free space=1020k
Native frames: (J=compiled Java code, j=interpreted, Vv=VM code, C=native code)
V  [libjvm.so+0x9486a5]  VMError::report_and_die()+0x175
V  [libjvm.so+0x48b904]  report_vm_out_of_memory(char const*, int, unsigned long, char const*)+0x74
V  [libjvm.so+0x7c76ab]  os::pd_commit_memory(char*, unsigned long, unsigned long, bool)+0xeb
V  [libjvm.so+0x7c216f]  os::commit_memory(char*, unsigned long, unsigned long, bool)+0x1f
V  [libjvm.so+0x945594]  VirtualSpace::expand_by(unsigned long, bool)+0x1c4
V  [libjvm.so+0x5623cb]  CardGeneration::CardGeneration(ReservedSpace, unsigned long, int, GenRemSet*)+0x11b
V  [libjvm.so+0x8f5233]  TenuredGeneration::TenuredGeneration(ReservedSpace, unsigned long, int, GenRemSet*)+0x83
V  [libjvm.so+0x562ec9]  GenerationSpec::init(ReservedSpace, int, GenRemSet*)+0x139
V  [libjvm.so+0x5550d2]  GenCollectedHeap::initialize()+0x312
V  [libjvm.so+0x91a297]  Universe::initialize_heap()+0xc7
V  [libjvm.so+0x91a5c7]  universe_init()+0x67
V  [libjvm.so+0x59cf25]  init_globals()+0x55
V  [libjvm.so+0x8fcf5f]  Threads::create_vm(JavaVMInitArgs*, bool*)+0x35f
V  [libjvm.so+0x608284]  JNI_CreateJavaVM+0x54
C  [libjli.so+0x2b48]


---------------  P R O C E S S  ---------------

Java Threads: ( => current thread )

Other Threads:

=>0x00007f7ac400a000 (exited) JavaThread "Unknown thread" [_thread_in_vm, id=10562, stack(0x00007f7acbbcb000,0x00007f7acbccc000)]

VM state:not at safepoint (not fully initialized)

VM Mutex/Monitor currently owned by a thread: None

GC Heap History (0 events):
No events

Deoptimization events (0 events):
No events

Internal exceptions (0 events):
No events

Events (0 events):
No events


Dynamic libraries:
00400000-00401000 r-xp 00000000 08:01 132376                             /usr/lib/jvm/java-7-openjdk-amd64/jre/bin/java
00600000-00601000 r--p 00000000 08:01 132376                             /usr/lib/jvm/java-7-openjdk-amd64/jre/bin/java
00601000-00602000 rw-p 00001000 08:01 132376                             /usr/lib/jvm/java-7-openjdk-amd64/jre/bin/java
00daf000-00dd0000 rw-p 00000000 00:00 0                                  [heap]
b5a00000-caf50000 rw-p 00000000 00:00 0 
f5a00000-100000000 rw-p 00000000 00:00 0 
7f7ac1000000-7f7ac1270000 rwxp 00000000 00:00 0 
7f7ac1270000-7f7ac4024000 rw-p 00000000 00:00 0 
7f7ac4024000-7f7ac8000000 ---p 00000000 00:00 0 
7f7ac8370000-7f7ac8655000 rw-p 00000000 00:00 0 
7f7ac8655000-7f7ac87fd000 rw-p 00000000 00:00 0 
7f7ac87fd000-7f7ac87fe000 rw-p 00000000 00:00 0 
7f7ac87fe000-7f7ac8806000 r-xp 00000000 08:01 132315                     /usr/lib/jvm/java-7-openjdk-amd64/jre/lib/amd64/libzip.so
7f7ac8806000-7f7ac8a05000 ---p 00008000 08:01 132315                     /usr/lib/jvm/java-7-openjdk-amd64/jre/lib/amd64/libzip.so
7f7ac8a05000-7f7ac8a06000 r--p 00007000 08:01 132315                     /usr/lib/jvm/java-7-openjdk-amd64/jre/lib/amd64/libzip.so
7f7ac8a06000-7f7ac8a07000 rw-p 00008000 08:01 132315                     /usr/lib/jvm/java-7-openjdk-amd64/jre/lib/amd64/libzip.so
7f7ac8a07000-7f7ac8a12000 r-xp 00000000 08:01 2894                       /lib/x86_64-linux-gnu/libnss_files-2.19.so
7f7ac8a12000-7f7ac8c11000 ---p 0000b000 08:01 2894                       /lib/x86_64-linux-gnu/libnss_files-2.19.so
7f7ac8c11000-7f7ac8c12000 r--p 0000a000 08:01 2894                       /lib/x86_64-linux-gnu/libnss_files-2.19.so
7f7ac8c12000-7f7ac8c13000 rw-p 0000b000 08:01 2894                       /lib/x86_64-linux-gnu/libnss_files-2.19.so
7f7ac8c13000-7f7ac8c1e000 r-xp 00000000 08:01 2891                       /lib/x86_64-linux-gnu/libnss_nis-2.19.so
7f7ac8c1e000-7f7ac8e1d000 ---p 0000b000 08:01 2891                       /lib/x86_64-linux-gnu/libnss_nis-2.19.so
7f7ac8e1d000-7f7ac8e1e000 r--p 0000a000 08:01 2891                       /lib/x86_64-linux-gnu/libnss_nis-2.19.so
7f7ac8e1e000-7f7ac8e1f000 rw-p 0000b000 08:01 2891                       /lib/x86_64-linux-gnu/libnss_nis-2.19.so
7f7ac8e1f000-7f7ac8e36000 r-xp 00000000 08:01 2779                       /lib/x86_64-linux-gnu/libnsl-2.19.so
7f7ac8e36000-7f7ac9035000 ---p 00017000 08:01 2779                       /lib/x86_64-linux-gnu/libnsl-2.19.so
7f7ac9035000-7f7ac9036000 r--p 00016000 08:01 2779                       /lib/x86_64-linux-gnu/libnsl-2.19.so
7f7ac9036000-7f7ac9037000 rw-p 00017000 08:01 2779                       /lib/x86_64-linux-gnu/libnsl-2.19.so
7f7ac9037000-7f7ac9039000 rw-p 00000000 00:00 0 
7f7ac9039000-7f7ac9042000 r-xp 00000000 08:01 2786                       /lib/x86_64-linux-gnu/libnss_compat-2.19.so
7f7ac9042000-7f7ac9241000 ---p 00009000 08:01 2786                       /lib/x86_64-linux-gnu/libnss_compat-2.19.so
7f7ac9241000-7f7ac9242000 r--p 00008000 08:01 2786                       /lib/x86_64-linux-gnu/libnss_compat-2.19.so
7f7ac9242000-7f7ac9243000 rw-p 00009000 08:01 2786                       /lib/x86_64-linux-gnu/libnss_compat-2.19.so
7f7ac9243000-7f7ac926e000 r-xp 00000000 08:01 132314                     /usr/lib/jvm/java-7-openjdk-amd64/jre/lib/amd64/libjava.so
7f7ac926e000-7f7ac946e000 ---p 0002b000 08:01 132314                     /usr/lib/jvm/java-7-openjdk-amd64/jre/lib/amd64/libjava.so
7f7ac946e000-7f7ac946f000 r--p 0002b000 08:01 132314                     /usr/lib/jvm/java-7-openjdk-amd64/jre/lib/amd64/libjava.so
7f7ac946f000-7f7ac9471000 rw-p 0002c000 08:01 132314                     /usr/lib/jvm/java-7-openjdk-amd64/jre/lib/amd64/libjava.so
7f7ac9471000-7f7ac9481000 r-xp 00000000 08:01 132341                     /usr/lib/jvm/java-7-openjdk-amd64/jre/lib/amd64/libverify.so
7f7ac9481000-7f7ac9680000 ---p 00010000 08:01 132341                     /usr/lib/jvm/java-7-openjdk-amd64/jre/lib/amd64/libverify.so
7f7ac9680000-7f7ac9682000 r--p 0000f000 08:01 132341                     /usr/lib/jvm/java-7-openjdk-amd64/jre/lib/amd64/libverify.so
7f7ac9682000-7f7ac9683000 rw-p 00011000 08:01 132341                     /usr/lib/jvm/java-7-openjdk-amd64/jre/lib/amd64/libverify.so
7f7ac9683000-7f7ac968a000 r-xp 00000000 08:01 2955                       /lib/x86_64-linux-gnu/librt-2.19.so
7f7ac968a000-7f7ac9889000 ---p 00007000 08:01 2955                       /lib/x86_64-linux-gnu/librt-2.19.so
7f7ac9889000-7f7ac988a000 r--p 00006000 08:01 2955                       /lib/x86_64-linux-gnu/librt-2.19.so
7f7ac988a000-7f7ac988b000 rw-p 00007000 08:01 2955                       /lib/x86_64-linux-gnu/librt-2.19.so
7f7ac988b000-7f7ac98a1000 r-xp 00000000 08:01 2979                       /lib/x86_64-linux-gnu/libgcc_s.so.1
7f7ac98a1000-7f7ac9aa0000 ---p 00016000 08:01 2979                       /lib/x86_64-linux-gnu/libgcc_s.so.1
7f7ac9aa0000-7f7ac9aa1000 rw-p 00015000 08:01 2979                       /lib/x86_64-linux-gnu/libgcc_s.so.1
7f7ac9aa1000-7f7ac9ba6000 r-xp 00000000 08:01 2897                       /lib/x86_64-linux-gnu/libm-2.19.so
7f7ac9ba6000-7f7ac9da5000 ---p 00105000 08:01 2897                       /lib/x86_64-linux-gnu/libm-2.19.so
7f7ac9da5000-7f7ac9da6000 r--p 00104000 08:01 2897                       /lib/x86_64-linux-gnu/libm-2.19.so
7f7ac9da6000-7f7ac9da7000 rw-p 00105000 08:01 2897                       /lib/x86_64-linux-gnu/libm-2.19.so
7f7ac9da7000-7f7ac9e8d000 r-xp 00000000 08:01 22930                      /usr/lib/x86_64-linux-gnu/libstdc++.so.6.0.19
7f7ac9e8d000-7f7aca08c000 ---p 000e6000 08:01 22930                      /usr/lib/x86_64-linux-gnu/libstdc++.so.6.0.19
7f7aca08c000-7f7aca094000 r--p 000e5000 08:01 22930                      /usr/lib/x86_64-linux-gnu/libstdc++.so.6.0.19
7f7aca094000-7f7aca096000 rw-p 000ed000 08:01 22930                      /usr/lib/x86_64-linux-gnu/libstdc++.so.6.0.19
7f7aca096000-7f7aca0ab000 rw-p 00000000 00:00 0 
7f7aca0ab000-7f7acabc1000 r-xp 00000000 08:01 132331                     /usr/lib/jvm/java-7-openjdk-amd64/jre/lib/amd64/server/libjvm.so
7f7acabc1000-7f7acadc0000 ---p 00b16000 08:01 132331                     /usr/lib/jvm/java-7-openjdk-amd64/jre/lib/amd64/server/libjvm.so
7f7acadc0000-7f7acae5a000 r--p 00b15000 08:01 132331                     /usr/lib/jvm/java-7-openjdk-amd64/jre/lib/amd64/server/libjvm.so
7f7acae5a000-7f7acae7d000 rw-p 00baf000 08:01 132331                     /usr/lib/jvm/java-7-openjdk-amd64/jre/lib/amd64/server/libjvm.so
7f7acae7d000-7f7acaeab000 rw-p 00000000 00:00 0 
7f7acaeab000-7f7acaec3000 r-xp 00000000 08:01 2873                       /lib/x86_64-linux-gnu/libz.so.1.2.8
7f7acaec3000-7f7acb0c2000 ---p 00018000 08:01 2873                       /lib/x86_64-linux-gnu/libz.so.1.2.8
7f7acb0c2000-7f7acb0c3000 r--p 00017000 08:01 2873                       /lib/x86_64-linux-gnu/libz.so.1.2.8
7f7acb0c3000-7f7acb0c4000 rw-p 00018000 08:01 2873                       /lib/x86_64-linux-gnu/libz.so.1.2.8
7f7acb0c4000-7f7acb0dd000 r-xp 00000000 08:01 2778                       /lib/x86_64-linux-gnu/libpthread-2.19.so
7f7acb0dd000-7f7acb2dc000 ---p 00019000 08:01 2778                       /lib/x86_64-linux-gnu/libpthread-2.19.so
7f7acb2dc000-7f7acb2dd000 r--p 00018000 08:01 2778                       /lib/x86_64-linux-gnu/libpthread-2.19.so
7f7acb2dd000-7f7acb2de000 rw-p 00019000 08:01 2778                       /lib/x86_64-linux-gnu/libpthread-2.19.so
7f7acb2de000-7f7acb2e2000 rw-p 00000000 00:00 0 
7f7acb2e2000-7f7acb2e5000 r-xp 00000000 08:01 2913                       /lib/x86_64-linux-gnu/libdl-2.19.so
7f7acb2e5000-7f7acb4e4000 ---p 00003000 08:01 2913                       /lib/x86_64-linux-gnu/libdl-2.19.so
7f7acb4e4000-7f7acb4e5000 r--p 00002000 08:01 2913                       /lib/x86_64-linux-gnu/libdl-2.19.so
7f7acb4e5000-7f7acb4e6000 rw-p 00003000 08:01 2913                       /lib/x86_64-linux-gnu/libdl-2.19.so
7f7acb4e6000-7f7acb6a1000 r-xp 00000000 08:01 2975                       /lib/x86_64-linux-gnu/libc-2.19.so
7f7acb6a1000-7f7acb8a1000 ---p 001bb000 08:01 2975                       /lib/x86_64-linux-gnu/libc-2.19.so
7f7acb8a1000-7f7acb8a5000 r--p 001bb000 08:01 2975                       /lib/x86_64-linux-gnu/libc-2.19.so
7f7acb8a5000-7f7acb8a7000 rw-p 001bf000 08:01 2975                       /lib/x86_64-linux-gnu/libc-2.19.so
7f7acb8a7000-7f7acb8ac000 rw-p 00000000 00:00 0 
7f7acb8ac000-7f7acb8b9000 r-xp 00000000 08:01 132345                     /usr/lib/jvm/java-7-openjdk-amd64/jre/lib/amd64/jli/libjli.so
7f7acb8b9000-7f7acbab8000 ---p 0000d000 08:01 132345                     /usr/lib/jvm/java-7-openjdk-amd64/jre/lib/amd64/jli/libjli.so
7f7acbab8000-7f7acbab9000 r--p 0000c000 08:01 132345                     /usr/lib/jvm/java-7-openjdk-amd64/jre/lib/amd64/jli/libjli.so
7f7acbab9000-7f7acbaba000 rw-p 0000d000 08:01 132345                     /usr/lib/jvm/java-7-openjdk-amd64/jre/lib/amd64/jli/libjli.so
7f7acbaba000-7f7acbadd000 r-xp 00000000 08:01 2772                       /lib/x86_64-linux-gnu/ld-2.19.so
7f7acbb03000-7f7acbb0d000 rw-p 00000000 00:00 0 
7f7acbb0d000-7f7acbbc3000 rw-p 00000000 00:00 0 
7f7acbbc3000-7f7acbbcb000 rw-s 00000000 08:01 135161                     /tmp/hsperfdata_aria/10561
7f7acbbcb000-7f7acbbce000 ---p 00000000 00:00 0 
7f7acbbce000-7f7acbcd1000 rw-p 00000000 00:00 0                          [stack:10562]
7f7acbcd6000-7f7acbcd9000 rw-p 00000000 00:00 0 
7f7acbcd9000-7f7acbcda000 r--p 00000000 00:00 0 
7f7acbcda000-7f7acbcdc000 rw-p 00000000 00:00 0 
7f7acbcdc000-7f7acbcdd000 r--p 00022000 08:01 2772                       /lib/x86_64-linux-gnu/ld-2.19.so
7f7acbcdd000-7f7acbcde000 rw-p 00023000 08:01 2772                       /lib/x86_64-linux-gnu/ld-2.19.so
7f7acbcde000-7f7acbcdf000 rw-p 00000000 00:00 0 
7fffa822e000-7fffa824f000 rw-p 00000000 00:00 0                          [stack]
7fffa838b000-7fffa838d000 r-xp 00000000 00:00 0                          [vdso]
ffffffffff600000-ffffffffff601000 r-xp 00000000 00:00 0                  [vsyscall]

VM Arguments:
jvm_args: -Xmx1024M -Xms1024M 
java_command: mc_server_1.6.4.jar nogui
Launcher Type: SUN_STANDARD

Environment Variables:
PATH=/usr/local/sbin:/usr/local/bin:/usr/sbin:/usr/bin:/sbin:/bin:/usr/games:/usr/local/games
SHELL=/bin/bash

Signal Handlers:
SIGSEGV: [libjvm.so+0x949180], sa_mask[0]=0x7ffbfeff, sa_flags=0x10000004
SIGBUS: [libjvm.so+0x949180], sa_mask[0]=0x7ffbfeff, sa_flags=0x10000004
SIGFPE: [libjvm.so+0x7c2ec0], sa_mask[0]=0x7ffbfeff, sa_flags=0x10000004
SIGPIPE: [libjvm.so+0x7c2ec0], sa_mask[0]=0x7ffbfeff, sa_flags=0x10000004
SIGXFSZ: [libjvm.so+0x7c2ec0], sa_mask[0]=0x7ffbfeff, sa_flags=0x10000004
SIGILL: [libjvm.so+0x7c2ec0], sa_mask[0]=0x7ffbfeff, sa_flags=0x10000004
SIGUSR1: SIG_DFL, sa_mask[0]=0x00000000, sa_flags=0x00000000
SIGUSR2: [libjvm.so+0x7c2d60], sa_mask[0]=0x00000000, sa_flags=0x10000004
SIGHUP: SIG_DFL, sa_mask[0]=0x00000000, sa_flags=0x00000000
SIGINT: SIG_DFL, sa_mask[0]=0x00000000, sa_flags=0x00000000
SIGTERM: SIG_DFL, sa_mask[0]=0x00000000, sa_flags=0x00000000
SIGQUIT: SIG_DFL, sa_mask[0]=0x00000000, sa_flags=0x00000000
SIGTRAP: SIG_DFL, sa_mask[0]=0x00000000, sa_flags=0x00000000


---------------  S Y S T E M  ---------------

OS:Ubuntu 14.04 (trusty)
uname:Linux 3.13.0-36-generic #63-Ubuntu SMP Wed Sep 3 21:30:07 UTC 2014 x86_64
libc:glibc 2.19 NPTL 2.19 
rlimit: STACK 8192k, CORE 0k, NPROC 5281, NOFILE 4096, AS infinity
load average:0.05 0.25 0.45

/proc/meminfo:
MemTotal:         686416 kB
MemFree:           58964 kB
Buffers:           33344 kB
Cached:           482224 kB
SwapCached:            0 kB
Active:           296828 kB
Inactive:         248644 kB
Active(anon):      30064 kB
Inactive(anon):      292 kB
Active(file):     266764 kB
Inactive(file):   248352 kB
Unevictable:           0 kB
Mlocked:               0 kB
SwapTotal:             0 kB
SwapFree:              0 kB
Dirty:                40 kB
Writeback:             0 kB
AnonPages:         29980 kB
Mapped:            12824 kB
Shmem:               376 kB
Slab:              51316 kB
SReclaimable:      37404 kB
SUnreclaim:        13912 kB
KernelStack:        2304 kB
PageTables:         2316 kB
NFS_Unstable:          0 kB
Bounce:                0 kB
WritebackTmp:          0 kB
CommitLimit:      343208 kB
Committed_AS:     441368 kB
VmallocTotal:   34359738367 kB
VmallocUsed:       25772 kB
VmallocChunk:   34359705228 kB
HardwareCorrupted:     0 kB
AnonHugePages:         0 kB
HugePages_Total:       0
HugePages_Free:        0
HugePages_Rsvd:        0
HugePages_Surp:        0
Hugepagesize:       2048 kB
DirectMap4k:       26560 kB
DirectMap2M:      759808 kB


CPU:total 1 (1 cores per cpu, 1 threads per core) family 16 model 8 stepping 1, cmov, cx8, fxsr, mmx, sse, sse2, sse3, popcnt, mmxext, 3dnowpref, lzcnt, sse4a, tsc

/proc/cpuinfo:
processor	: 0
vendor_id	: AuthenticAMD
cpu family	: 16
model		: 8
model name	: AMD Opteron(tm) Processor 4171 HE
stepping	: 1
microcode	: 0xffffffff
cpu MHz		: 2094.670
cache size	: 512 KB
physical id	: 0
siblings	: 1
core id		: 0
cpu cores	: 1
apicid		: 0
initial apicid	: 0
fpu		: yes
fpu_exception	: yes
cpuid level	: 5
wp		: yes
flags		: fpu vme de pse tsc msr pae mce cx8 apic sep mtrr pge mca cmov pat pse36 clflush mmx fxsr sse sse2 syscall nx mmxext fxsr_opt lm 3dnowext 3dnow rep_good nopl extd_apicid pni cx16 popcnt hypervisor lahf_lm cmp_legacy cr8_legacy abm sse4a misalignsse 3dnowprefetch osvw
bogomips	: 4189.34
TLB size	: 1024 4K pages
clflush size	: 64
cache_alignment	: 64
address sizes	: 42 bits physical, 48 bits virtual
power management:



Memory: 4k page, physical 686416k(58964k free), swap 0k(0k free)

vm_info: OpenJDK 64-Bit Server VM (24.65-b04) for linux-amd64 JRE (1.7.0_65-b32), built on Sep 10 2014 05:56:05 by "buildd" with gcc 4.8.2

time: Thu Oct  2 08:18:06 2014
elapsed time: 0 seconds

